#
# There is insufficient memory for the Java Runtime Environment to continue.
# Native memory allocation (malloc) failed to allocate 94864 bytes for Chunk::new
# Possible reasons:
#   The system is out of physical RAM or swap space
#   In 32 bit mode, the process size limit was hit
# Possible solutions:
#   Reduce memory load on the system
#   Increase physical memory or swap space
#   Check if swap backing store is full
#   Use 64 bit Java on a 64 bit OS
#   Decrease Java heap size (-Xmx/-Xms)
#   Decrease number of Java threads
#   Decrease Java thread stack sizes (-Xss)
#   Set larger code cache with -XX:ReservedCodeCacheSize=
# This output file may be truncated or incomplete.
#
#  Out of Memory Error (allocation.cpp:323), pid=7020, tid=3308
#
# JRE version: Java(TM) SE Runtime Environment (7.0_79-b15) (build 1.7.0_79-b15)
# Java VM: Java HotSpot(TM) 64-Bit Server VM (24.79-b02 mixed mode windows-amd64 compressed oops)
# Failed to write core dump. Minidumps are not enabled by default on client versions of Windows
#

---------------  T H R E A D  ---------------

Current thread (0x0000000008634800):  JavaThread "C2 CompilerThread0" daemon [_thread_in_native, id=3308, stack(0x0000000009bb0000,0x0000000009cb0000)]

Stack: [0x0000000009bb0000,0x0000000009cb0000]

Current CompileTask:
C2:   4001  154             com.android.dx.ssa.SsaMethod::mapRegisters (87 bytes)


---------------  P R O C E S S  ---------------

Java Threads: ( => current thread )
  0x000000000a14d800 JavaThread "pool-1-thread-4" [_thread_in_Java, id=1832, stack(0x000000000a7b0000,0x000000000a8b0000)]
  0x000000000a13e800 JavaThread "pool-1-thread-3" [_thread_in_Java, id=3944, stack(0x000000000a6b0000,0x000000000a7b0000)]
  0x000000000a13b000 JavaThread "pool-1-thread-2" [_thread_in_Java, id=2884, stack(0x000000000a5b0000,0x000000000a6b0000)]
  0x00000000086ae800 JavaThread "pool-2-thread-1" [_thread_blocked, id=2504, stack(0x000000000a4b0000,0x000000000a5b0000)]
  0x000000000a25e000 JavaThread "pool-1-thread-1" [_thread_blocked, id=6104, stack(0x000000000a3b0000,0x000000000a4b0000)]
  0x0000000008641800 JavaThread "Service Thread" daemon [_thread_blocked, id=3488, stack(0x0000000009db0000,0x0000000009eb0000)]
  0x000000000863e800 JavaThread "C2 CompilerThread1" daemon [_thread_in_native, id=7140, stack(0x0000000009cb0000,0x0000000009db0000)]
=>0x0000000008634800 JavaThread "C2 CompilerThread0" daemon [_thread_in_native, id=3308, stack(0x0000000009bb0000,0x0000000009cb0000)]
  0x0000000008633800 JavaThread "Attach Listener" daemon [_thread_blocked, id=5388, stack(0x0000000009ab0000,0x0000000009bb0000)]
  0x0000000008630800 JavaThread "Signal Dispatcher" daemon [_thread_blocked, id=4624, stack(0x00000000099b0000,0x0000000009ab0000)]
  0x00000000085f9000 JavaThread "Finalizer" daemon [_thread_blocked, id=6520, stack(0x00000000098b0000,0x00000000099b0000)]
  0x00000000085f5800 JavaThread "Reference Handler" daemon [_thread_blocked, id=3060, stack(0x00000000097b0000,0x00000000098b0000)]
  0x0000000002760800 JavaThread "main" [_thread_blocked, id=1164, stack(0x0000000002590000,0x0000000002690000)]

Other Threads:
  0x00000000085f0800 VMThread [stack: 0x00000000096b0000,0x00000000097b0000] [id=6424]
  0x0000000008653800 WatcherThread [stack: 0x0000000009eb0000,0x0000000009fb0000] [id=3404]

VM state:not at safepoint (normal execution)

VM Mutex/Monitor currently owned by a thread: None

Heap
 PSYoungGen      total 18944K, used 9914K [0x00000000eaa80000, 0x00000000ecf80000, 0x0000000100000000)
  eden space 16384K, 44% used [0x00000000eaa80000,0x00000000eb1b0758,0x00000000eba80000)
  from space 2560K, 99% used [0x00000000eba80000,0x00000000ebcfe438,0x00000000ebd00000)
  to   space 2560K, 0% used [0x00000000ecd00000,0x00000000ecd00000,0x00000000ecf80000)
 ParOldGen       total 42496K, used 904K [0x00000000c0000000, 0x00000000c2980000, 0x00000000eaa80000)
  object space 42496K, 2% used [0x00000000c0000000,0x00000000c00e2220,0x00000000c2980000)
 PSPermGen       total 21504K, used 5681K [0x00000000bae00000, 0x00000000bc300000, 0x00000000c0000000)
  object space 21504K, 26% used [0x00000000bae00000,0x00000000bb38c618,0x00000000bc300000)

Card table byte_map: [0x0000000005860000,0x0000000005a90000] byte_map_base: 0x0000000005289000

Polling page: 0x0000000000ce0000

Code Cache  [0x0000000002860000, 0x0000000002ad0000, 0x0000000005860000)
 total_blobs=388 nmethods=152 adapters=188 free_code_cache=48546Kb largest_free_block=49684160

Compilation events (10 events):
Event: 3.779 Thread 0x000000000863e800  149             com.android.dx.ssa.SsaConverter::placePhiFunctions (394 bytes)
Event: 3.784 Thread 0x0000000008634800  150             com.android.dx.util.Bits::set (19 bytes)
Event: 3.785 Thread 0x0000000008634800 nmethod 150 0x00000000028faf10 code [0x00000000028fb040, 0x00000000028fb0d8]
Event: 3.934 Thread 0x0000000008634800  151             com.android.dx.util.MutabilityControl::throwIfMutable (18 bytes)
Event: 3.934 Thread 0x0000000008634800 nmethod 151 0x00000000028f99d0 code [0x00000000028f9b00, 0x00000000028f9b58]
Event: 3.938 Thread 0x0000000008634800  152             com.android.dx.rop.code.RegisterSpecList::<init> (6 bytes)
Event: 3.941 Thread 0x0000000008634800 nmethod 152 0x00000000028f9110 code [0x00000000028f9260, 0x00000000028f9398]
Event: 3.963 Thread 0x0000000008634800  153             java.lang.Math::max (11 bytes)
Event: 3.964 Thread 0x0000000008634800 nmethod 153 0x00000000028f97d0 code [0x00000000028f9900, 0x00000000028f9958]
Event: 3.967 Thread 0x0000000008634800  154             com.android.dx.ssa.SsaMethod::mapRegisters (87 bytes)

GC Heap History (2 events):
Event: 2.478 GC heap before
{Heap before GC invocations=1 (full 0):
 PSYoungGen      total 18944K, used 16384K [0x00000000eaa80000, 0x00000000ebf80000, 0x0000000100000000)
  eden space 16384K, 100% used [0x00000000eaa80000,0x00000000eba80000,0x00000000eba80000)
  from space 2560K, 0% used [0x00000000ebd00000,0x00000000ebd00000,0x00000000ebf80000)
  to   space 2560K, 0% used [0x00000000eba80000,0x00000000eba80000,0x00000000ebd00000)
 ParOldGen       total 42496K, used 0K [0x00000000c0000000, 0x00000000c2980000, 0x00000000eaa80000)
  object space 42496K, 0% used [0x00000000c0000000,0x00000000c0000000,0x00000000c2980000)
 PSPermGen       total 21504K, used 5576K [0x00000000bae00000, 0x00000000bc300000, 0x00000000c0000000)
  object space 21504K, 25% used [0x00000000bae00000,0x00000000bb372318,0x00000000bc300000)
Event: 2.754 GC heap after
Heap after GC invocations=1 (full 0):
 PSYoungGen      total 18944K, used 2553K [0x00000000eaa80000, 0x00000000ecf80000, 0x0000000100000000)
  eden space 16384K, 0% used [0x00000000eaa80000,0x00000000eaa80000,0x00000000eba80000)
  from space 2560K, 99% used [0x00000000eba80000,0x00000000ebcfe438,0x00000000ebd00000)
  to   space 2560K, 0% used [0x00000000ecd00000,0x00000000ecd00000,0x00000000ecf80000)
 ParOldGen       total 42496K, used 904K [0x00000000c0000000, 0x00000000c2980000, 0x00000000eaa80000)
  object space 42496K, 2% used [0x00000000c0000000,0x00000000c00e2220,0x00000000c2980000)
 PSPermGen       total 21504K, used 5576K [0x00000000bae00000, 0x00000000bc300000, 0x00000000c0000000)
  object space 21504K, 25% used [0x00000000bae00000,0x00000000bb372318,0x00000000bc300000)
}

Deoptimization events (0 events):
No events

Internal exceptions (10 events):
Event: 2.018 Thread 0x000000000a13e800 Threw 0x00000000eb6c6bd0 at C:\re\jdk7u79\2331\hotspot\src\share\vm\prims\jvm.cpp:1304
Event: 2.020 Thread 0x000000000a13e800 Threw 0x00000000eb6cf688 at C:\re\jdk7u79\2331\hotspot\src\share\vm\prims\jvm.cpp:1304
Event: 2.021 Thread 0x000000000a13e800 Threw 0x00000000eb6d48c0 at C:\re\jdk7u79\2331\hotspot\src\share\vm\prims\jvm.cpp:1304
Event: 2.043 Thread 0x000000000a25e000 Threw 0x00000000eb67e0b8 at C:\re\jdk7u79\2331\hotspot\src\share\vm\prims\jvm.cpp:1304
Event: 2.057 Thread 0x000000000a25e000 Threw 0x00000000eb687b48 at C:\re\jdk7u79\2331\hotspot\src\share\vm\prims\jvm.cpp:1304
Event: 2.089 Thread 0x000000000a13b000 Threw 0x00000000eb727ca8 at C:\re\jdk7u79\2331\hotspot\src\share\vm\prims\jvm.cpp:1304
Event: 2.193 Thread 0x000000000a13e800 Threw 0x00000000eb6e6c60 at C:\re\jdk7u79\2331\hotspot\src\share\vm\prims\jvm.cpp:1304
Event: 2.201 Thread 0x000000000a25e000 Threw 0x00000000eb6a1fb8 at C:\re\jdk7u79\2331\hotspot\src\share\vm\prims\jvm.cpp:1304
Event: 2.954 Thread 0x0000000002760800 Threw 0x00000000eab97570 at C:\re\jdk7u79\2331\hotspot\src\share\vm\prims\jvm.cpp:1304
Event: 3.338 Thread 0x000000000a13b000 Threw 0x00000000eaee3ef0 at C:\re\jdk7u79\2331\hotspot\src\share\vm\prims\jvm.cpp:1304

Events (10 events):
Event: 2.206 loading class 0x00000000027d7bf0
Event: 2.206 loading class 0x00000000027d7bf0 done
Event: 2.474 Executing VM operation: ParallelGCFailedAllocation
Event: 2.754 Executing VM operation: ParallelGCFailedAllocation done
Event: 2.900 loading class 0x00000000027d6d70
Event: 2.900 loading class 0x00000000027d6d70 done
Event: 2.954 loading class 0x000000000867e2f0
Event: 2.954 loading class 0x000000000867e2f0 done
Event: 3.338 loading class 0x000000000a148720
Event: 3.338 loading class 0x000000000a148720 done


Dynamic libraries:
0x00007ff79b4f0000 - 0x00007ff79b523000 	C:\Program Files\Java\jdk1.7.0_79\bin\java.exe
0x00007fff58670000 - 0x00007fff5881d000 	C:\Windows\SYSTEM32\ntdll.dll
0x00007fff56440000 - 0x00007fff5657e000 	C:\Windows\system32\KERNEL32.DLL
0x00007fff55870000 - 0x00007fff55985000 	C:\Windows\system32\KERNELBASE.dll
0x00007fff54370000 - 0x00007fff543fe000 	C:\Windows\system32\apphelp.dll
0x00007fff4c980000 - 0x00007fff4c9d3000 	C:\Windows\AppPatch\AppPatch64\AcGenral.DLL
0x00007fff55f20000 - 0x00007fff55fca000 	C:\Windows\system32\msvcrt.dll
0x00007fff55cd0000 - 0x00007fff55cfe000 	C:\Windows\system32\SspiCli.dll
0x00007fff563e0000 - 0x00007fff56434000 	C:\Windows\system32\SHLWAPI.dll
0x00007fff56c10000 - 0x00007fff56d87000 	C:\Windows\system32\USER32.dll
0x00007fff56230000 - 0x00007fff563c4000 	C:\Windows\system32\ole32.dll
0x00007fff56d90000 - 0x00007fff582b9000 	C:\Windows\system32\SHELL32.dll
0x00007fff54dd0000 - 0x00007fff54df1000 	C:\Windows\SYSTEM32\USERENV.dll
0x00007fff569f0000 - 0x00007fff56a9a000 	C:\Windows\system32\ADVAPI32.dll
0x00007fff44460000 - 0x00007fff4447e000 	C:\Windows\SYSTEM32\MPR.dll
0x00007fff56aa0000 - 0x00007fff56be0000 	C:\Windows\system32\RPCRT4.dll
0x00007fff55fe0000 - 0x00007fff56039000 	C:\Windows\SYSTEM32\sechost.dll
0x00007fff582c0000 - 0x00007fff584d1000 	C:\Windows\SYSTEM32\combase.dll
0x00007fff584e0000 - 0x00007fff5862f000 	C:\Windows\system32\GDI32.dll
0x00007fff557a0000 - 0x00007fff557b5000 	C:\Windows\SYSTEM32\profapi.dll
0x00007fff53bf0000 - 0x00007fff53ca2000 	C:\Windows\SYSTEM32\SHCORE.dll
0x00007fff58630000 - 0x00007fff58666000 	C:\Windows\system32\IMM32.DLL
0x00007fff55dc0000 - 0x00007fff55f12000 	C:\Windows\system32\MSCTF.dll
0x00007fff53280000 - 0x00007fff534fb000 	C:\Windows\WinSxS\amd64_microsoft.windows.common-controls_6595b64144ccf1df_6.0.9600.18006_none_623f33d3ecbe86e8\COMCTL32.dll
0x0000000058610000 - 0x00000000586e2000 	C:\Program Files\Java\jdk1.7.0_79\jre\bin\msvcr100.dll
0x0000000058aa0000 - 0x0000000059275000 	C:\Program Files\Java\jdk1.7.0_79\jre\bin\server\jvm.dll
0x00007fff4e590000 - 0x00007fff4e599000 	C:\Windows\SYSTEM32\WSOCK32.dll
0x00007fff4e630000 - 0x00007fff4e652000 	C:\Windows\SYSTEM32\WINMM.dll
0x00007fff56040000 - 0x00007fff56047000 	C:\Windows\system32\PSAPI.DLL
0x00007fff56920000 - 0x00007fff5697a000 	C:\Windows\system32\WS2_32.dll
0x00007fff4e600000 - 0x00007fff4e62a000 	C:\Windows\SYSTEM32\WINMMBASE.dll
0x00007fff563d0000 - 0x00007fff563d9000 	C:\Windows\system32\NSI.dll
0x00007fff55aa0000 - 0x00007fff55aef000 	C:\Windows\SYSTEM32\cfgmgr32.dll
0x00007fff545c0000 - 0x00007fff545e8000 	C:\Windows\SYSTEM32\DEVOBJ.dll
0x0000000058a90000 - 0x0000000058a9f000 	C:\Program Files\Java\jdk1.7.0_79\jre\bin\verify.dll
0x0000000058a60000 - 0x0000000058a88000 	C:\Program Files\Java\jdk1.7.0_79\jre\bin\java.dll
0x0000000058a40000 - 0x0000000058a55000 	C:\Program Files\Java\jdk1.7.0_79\jre\bin\zip.dll
0x0000000058a20000 - 0x0000000058a3a000 	C:\Program Files\Java\jdk1.7.0_79\jre\bin\net.dll
0x00007fff55040000 - 0x00007fff55099000 	C:\Windows\system32\mswsock.dll
0x0000000058a00000 - 0x0000000058a11000 	C:\Program Files\Java\jdk1.7.0_79\jre\bin\nio.dll

VM Arguments:
jvm_args: -Djava.awt.headless=true -Xmx1024M -Dfile.encoding=windows-1252 -Duser.country=US -Duser.language=en -Duser.variant 
java_command: com.android.dx.command.Main --dex --num-threads=4 --output C:\Users\RVN-TECH\Downloads\the_city_mainfile\android_project\The City\app\build\intermediates\pre-dexed\debug\com.google.android.gms-play-services-analytics-impl-9.2.0_8ce43ccbd2dc030dc546ee6e34ba454f132d6cfb.jar C:\Users\RVN-TECH\Downloads\the_city_mainfile\android_project\The City\app\build\intermediates\exploded-aar\com.google.android.gms\play-services-analytics-impl\9.2.0\jars\classes.jar
Launcher Type: SUN_STANDARD

Environment Variables:
PATH=C:\Windows\system32;C:\Windows;C:\Windows\System32\Wbem;C:\Windows\System32\WindowsPowerShell\v1.0\;C:\Program Files\nodejs\;C:\Program Files\Git\cmd;C:\Program Files (x86)\Heroku\bin;C:\Program Files (x86)\git\cmd;C:\Program Files (x86)\Git\cmd;C:\Users\RVN-TECH\AppData\Roaming\npm;C:\Android\android-sdk\platforms;C:\Android\android-sdk\platformtools;
USERNAME=RVN-TECH
OS=Windows_NT
PROCESSOR_IDENTIFIER=Intel64 Family 6 Model 58 Stepping 9, GenuineIntel



---------------  S Y S T E M  ---------------

OS: Windows 8.1 , 64 bit Build 9600 

CPU:total 4 (2 cores per cpu, 2 threads per core) family 6 model 58 stepping 9, cmov, cx8, fxsr, mmx, sse, sse2, sse3, ssse3, sse4.1, sse4.2, popcnt, avx, erms, ht, tsc, tscinvbit, tscinv

Memory: 4k page, physical 4094312k(234684k free), swap 7240040k(6040k free)

vm_info: Java HotSpot(TM) 64-Bit Server VM (24.79-b02) for windows-amd64 JRE (1.7.0_79-b15), built on Apr 10 2015 12:36:16 by "java_re" with unknown MS VC++:1600

time: Mon Aug 15 15:44:07 2016
elapsed time: 4 seconds

