#
# There is insufficient memory for the Java Runtime Environment to continue.
# Native memory allocation (malloc) failed to allocate 65552 bytes for Chunk::new
# Possible reasons:
#   The system is out of physical RAM or swap space
#   In 32 bit mode, the process size limit was hit
# Possible solutions:
#   Reduce memory load on the system
#   Increase physical memory or swap space
#   Check if swap backing store is full
#   Use 64 bit Java on a 64 bit OS
#   Decrease Java heap size (-Xmx/-Xms)
#   Decrease number of Java threads
#   Decrease Java thread stack sizes (-Xss)
#   Set larger code cache with -XX:ReservedCodeCacheSize=
# This output file may be truncated or incomplete.
#
#  Out of Memory Error (allocation.cpp:323), pid=5684, tid=5668
#
# JRE version: Java(TM) SE Runtime Environment (7.0_79-b15) (build 1.7.0_79-b15)
# Java VM: Java HotSpot(TM) 64-Bit Server VM (24.79-b02 mixed mode windows-amd64 compressed oops)
# Failed to write core dump. Minidumps are not enabled by default on client versions of Windows
#

---------------  T H R E A D  ---------------

Current thread (0x00000000080c4000):  JavaThread "C2 CompilerThread0" daemon [_thread_in_native, id=5668, stack(0x0000000009650000,0x0000000009750000)]

Stack: [0x0000000009650000,0x0000000009750000]

Current CompileTask:
C2:   7371  230             com.android.dx.ssa.SCCP::run (298 bytes)


---------------  P R O C E S S  ---------------

Java Threads: ( => current thread )
  0x0000000009c0d800 JavaThread "pool-1-thread-4" [_thread_in_Java, id=6036, stack(0x000000000a250000,0x000000000a350000)]
  0x0000000009c9c800 JavaThread "pool-1-thread-3" [_thread_in_vm, id=6732, stack(0x000000000a150000,0x000000000a250000)]
  0x0000000009c9c000 JavaThread "pool-1-thread-2" [_thread_in_Java, id=3948, stack(0x000000000a050000,0x000000000a150000)]
  0x0000000009c99000 JavaThread "pool-2-thread-1" [_thread_blocked, id=3912, stack(0x0000000009f50000,0x000000000a050000)]
  0x0000000009bed000 JavaThread "pool-1-thread-1" [_thread_in_Java, id=2452, stack(0x0000000009e50000,0x0000000009f50000)]
  0x00000000080d1000 JavaThread "Service Thread" daemon [_thread_blocked, id=6068, stack(0x0000000009850000,0x0000000009950000)]
  0x00000000080ce000 JavaThread "C2 CompilerThread1" daemon [_thread_in_native, id=2988, stack(0x0000000009750000,0x0000000009850000)]
=>0x00000000080c4000 JavaThread "C2 CompilerThread0" daemon [_thread_in_native, id=5668, stack(0x0000000009650000,0x0000000009750000)]
  0x00000000080c3000 JavaThread "Attach Listener" daemon [_thread_blocked, id=6796, stack(0x0000000009550000,0x0000000009650000)]
  0x00000000080c0000 JavaThread "Signal Dispatcher" daemon [_thread_blocked, id=1832, stack(0x0000000009450000,0x0000000009550000)]
  0x000000000808f000 JavaThread "Finalizer" daemon [_thread_blocked, id=5816, stack(0x0000000009350000,0x0000000009450000)]
  0x0000000008085800 JavaThread "Reference Handler" daemon [_thread_blocked, id=4716, stack(0x0000000009250000,0x0000000009350000)]
  0x0000000002130800 JavaThread "main" [_thread_in_Java, id=3036, stack(0x0000000001f70000,0x0000000002070000)]

Other Threads:
  0x0000000008080800 VMThread [stack: 0x0000000009150000,0x0000000009250000] [id=3232]
  0x00000000080df800 WatcherThread [stack: 0x0000000009950000,0x0000000009a50000] [id=7004]

VM state:not at safepoint (normal execution)

VM Mutex/Monitor currently owned by a thread: None

Heap
 PSYoungGen      total 35328K, used 12944K [0x00000000eaa80000, 0x00000000ecf80000, 0x0000000100000000)
  eden space 32768K, 31% used [0x00000000eaa80000,0x00000000eb4a49a0,0x00000000eca80000)
  from space 2560K, 99% used [0x00000000ecd00000,0x00000000ecf7f708,0x00000000ecf80000)
  to   space 2560K, 0% used [0x00000000eca80000,0x00000000eca80000,0x00000000ecd00000)
 ParOldGen       total 42496K, used 3285K [0x00000000c0000000, 0x00000000c2980000, 0x00000000eaa80000)
  object space 42496K, 7% used [0x00000000c0000000,0x00000000c0335790,0x00000000c2980000)
 PSPermGen       total 21504K, used 5872K [0x00000000bae00000, 0x00000000bc300000, 0x00000000c0000000)
  object space 21504K, 27% used [0x00000000bae00000,0x00000000bb3bc148,0x00000000bc300000)

Card table byte_map: [0x00000000052f0000,0x0000000005520000] byte_map_base: 0x0000000004d19000

Polling page: 0x0000000000830000

Code Cache  [0x0000000002230000, 0x00000000024a0000, 0x0000000005230000)
 total_blobs=477 nmethods=240 adapters=189 free_code_cache=48252Kb largest_free_block=49382144

Compilation events (10 events):
Event: 7.146 Thread 0x00000000080ce000 nmethod 236 0x0000000002308b50 code [0x0000000002308c80, 0x0000000002308cd8]
Event: 7.146 Thread 0x00000000080ce000  237             com.android.dx.rop.code.RegisterSpecList::set (7 bytes)
Event: 7.148 Thread 0x00000000080ce000 nmethod 237 0x000000000230f2d0 code [0x000000000230f420, 0x000000000230f518]
Event: 7.148 Thread 0x00000000080ce000  238             java.util.HashMap::<init> (9 bytes)
Event: 7.149 Thread 0x00000000080ce000 nmethod 238 0x000000000230f010 code [0x000000000230f160, 0x000000000230f218]
Event: 7.149 Thread 0x00000000080ce000  239             com.android.dx.ssa.SsaBasicBlock::forEachPhiInsn (54 bytes)
Event: 7.160 Thread 0x00000000080ce000 nmethod 239 0x000000000230b610 code [0x000000000230b7a0, 0x000000000230bb68]
Event: 7.161 Thread 0x00000000080ce000  240             com.android.dx.ssa.SsaRenamer::access$000 (5 bytes)
Event: 7.161 Thread 0x00000000080ce000 nmethod 240 0x000000000230c750 code [0x000000000230c880, 0x000000000230c8d8]
Event: 7.161 Thread 0x00000000080ce000  241             com.android.dx.ssa.SCCP::simulateBlock (54 bytes)

GC Heap History (4 events):
Event: 5.668 GC heap before
{Heap before GC invocations=1 (full 0):
 PSYoungGen      total 18944K, used 16384K [0x00000000eaa80000, 0x00000000ebf80000, 0x0000000100000000)
  eden space 16384K, 100% used [0x00000000eaa80000,0x00000000eba80000,0x00000000eba80000)
  from space 2560K, 0% used [0x00000000ebd00000,0x00000000ebd00000,0x00000000ebf80000)
  to   space 2560K, 0% used [0x00000000eba80000,0x00000000eba80000,0x00000000ebd00000)
 ParOldGen       total 42496K, used 0K [0x00000000c0000000, 0x00000000c2980000, 0x00000000eaa80000)
  object space 42496K, 0% used [0x00000000c0000000,0x00000000c0000000,0x00000000c2980000)
 PSPermGen       total 21504K, used 5595K [0x00000000bae00000, 0x00000000bc300000, 0x00000000c0000000)
  object space 21504K, 26% used [0x00000000bae00000,0x00000000bb376e78,0x00000000bc300000)
Event: 5.838 GC heap after
Heap after GC invocations=1 (full 0):
 PSYoungGen      total 18944K, used 2554K [0x00000000eaa80000, 0x00000000ecf80000, 0x0000000100000000)
  eden space 16384K, 0% used [0x00000000eaa80000,0x00000000eaa80000,0x00000000eba80000)
  from space 2560K, 99% used [0x00000000eba80000,0x00000000ebcfe950,0x00000000ebd00000)
  to   space 2560K, 0% used [0x00000000ecd00000,0x00000000ecd00000,0x00000000ecf80000)
 ParOldGen       total 42496K, used 959K [0x00000000c0000000, 0x00000000c2980000, 0x00000000eaa80000)
  object space 42496K, 2% used [0x00000000c0000000,0x00000000c00eff48,0x00000000c2980000)
 PSPermGen       total 21504K, used 5595K [0x00000000bae00000, 0x00000000bc300000, 0x00000000c0000000)
  object space 21504K, 26% used [0x00000000bae00000,0x00000000bb376e78,0x00000000bc300000)
}
Event: 6.857 GC heap before
{Heap before GC invocations=2 (full 0):
 PSYoungGen      total 18944K, used 18938K [0x00000000eaa80000, 0x00000000ecf80000, 0x0000000100000000)
  eden space 16384K, 100% used [0x00000000eaa80000,0x00000000eba80000,0x00000000eba80000)
  from space 2560K, 99% used [0x00000000eba80000,0x00000000ebcfe950,0x00000000ebd00000)
  to   space 2560K, 0% used [0x00000000ecd00000,0x00000000ecd00000,0x00000000ecf80000)
 ParOldGen       total 42496K, used 959K [0x00000000c0000000, 0x00000000c2980000, 0x00000000eaa80000)
  object space 42496K, 2% used [0x00000000c0000000,0x00000000c00eff48,0x00000000c2980000)
 PSPermGen       total 21504K, used 5833K [0x00000000bae00000, 0x00000000bc300000, 0x00000000c0000000)
  object space 21504K, 27% used [0x00000000bae00000,0x00000000bb3b26a0,0x00000000bc300000)
Event: 6.913 GC heap after
Heap after GC invocations=2 (full 0):
 PSYoungGen      total 35328K, used 2557K [0x00000000eaa80000, 0x00000000ecf80000, 0x0000000100000000)
  eden space 32768K, 0% used [0x00000000eaa80000,0x00000000eaa80000,0x00000000eca80000)
  from space 2560K, 99% used [0x00000000ecd00000,0x00000000ecf7f708,0x00000000ecf80000)
  to   space 2560K, 0% used [0x00000000eca80000,0x00000000eca80000,0x00000000ecd00000)
 ParOldGen       total 42496K, used 3285K [0x00000000c0000000, 0x00000000c2980000, 0x00000000eaa80000)
  object space 42496K, 7% used [0x00000000c0000000,0x00000000c0335790,0x00000000c2980000)
 PSPermGen       total 21504K, used 5833K [0x00000000bae00000, 0x00000000bc300000, 0x00000000c0000000)
  object space 21504K, 27% used [0x00000000bae00000,0x00000000bb3b26a0,0x00000000bc300000)
}

Deoptimization events (10 events):
Event: 5.917 Thread 0x0000000002130800 Uncommon trap: reason=class_check action=maybe_recompile pc=0x00000000022ac318 method=com.android.dx.ssa.NormalSsaInsn.accept(Lcom/android/dx/ssa/SsaInsn$Visitor;)V @ 9
Event: 5.940 Thread 0x0000000009bed000 Uncommon trap: reason=null_check action=make_not_entrant pc=0x00000000022b2b4c method=com.android.dx.rop.code.LocalItem.equals(Ljava/lang/Object;)Z @ 1
Event: 6.110 Thread 0x0000000009c0d800 Uncommon trap: reason=null_check action=make_not_entrant pc=0x00000000022bab80 method=com.android.dx.ssa.SsaRenamer.getLocalForNewReg(I)Lcom/android/dx/rop/code/LocalItem; @ 19
Event: 6.417 Thread 0x0000000009c0d800 Uncommon trap: reason=null_check action=make_not_entrant pc=0x00000000022a56d0 method=com.android.dx.rop.type.Type.equals(Ljava/lang/Object;)Z @ 8
Event: 6.945 Thread 0x0000000009c9c000 Uncommon trap: reason=unreached action=reinterpret pc=0x00000000022f5a6c method=com.android.dx.ssa.LocalVariableExtractor.processBlock(I)V @ 251
Event: 7.232 Thread 0x0000000009c9c000 Uncommon trap: reason=class_check action=maybe_recompile pc=0x0000000002309b38 method=java.util.HashMap.put(Ljava/lang/Object;Ljava/lang/Object;)Ljava/lang/Object; @ 83
Event: 7.232 Thread 0x0000000009c9c000 Uncommon trap: reason=class_check action=maybe_recompile pc=0x0000000002309b38 method=java.util.HashMap.put(Ljava/lang/Object;Ljava/lang/Object;)Ljava/lang/Object; @ 83
Event: 7.232 Thread 0x0000000009c9c000 Uncommon trap: reason=class_check action=maybe_recompile pc=0x0000000002309b38 method=java.util.HashMap.put(Ljava/lang/Object;Ljava/lang/Object;)Ljava/lang/Object; @ 83
Event: 7.232 Thread 0x0000000009c9c000 Uncommon trap: reason=class_check action=maybe_recompile pc=0x0000000002309b38 method=java.util.HashMap.put(Ljava/lang/Object;Ljava/lang/Object;)Ljava/lang/Object; @ 83
Event: 7.232 Thread 0x0000000009c9c000 Uncommon trap: reason=unreached action=reinterpret pc=0x00000000022c38c4 method=com.android.dx.rop.cst.Constant.compareTo(Lcom/android/dx/rop/cst/Constant;)I @ 12

Internal exceptions (10 events):
Event: 5.286 Thread 0x0000000002130800 Threw 0x00000000eb7ab5a0 at C:\re\jdk7u79\2331\hotspot\src\share\vm\prims\jvm.cpp:1304
Event: 5.309 Thread 0x0000000009bed000 Threw 0x00000000eb5df360 at C:\re\jdk7u79\2331\hotspot\src\share\vm\prims\jvm.cpp:1304
Event: 5.311 Thread 0x0000000009bed000 Threw 0x00000000eb5e4278 at C:\re\jdk7u79\2331\hotspot\src\share\vm\prims\jvm.cpp:1304
Event: 5.312 Thread 0x0000000009bed000 Threw 0x00000000eb5e9af8 at C:\re\jdk7u79\2331\hotspot\src\share\vm\prims\jvm.cpp:1304
Event: 5.313 Thread 0x0000000009bed000 Threw 0x00000000eb5ef050 at C:\re\jdk7u79\2331\hotspot\src\share\vm\prims\jvm.cpp:1304
Event: 5.329 Thread 0x0000000009c9c000 Threw 0x00000000eb74d6b0 at C:\re\jdk7u79\2331\hotspot\src\share\vm\prims\jvm.cpp:1304
Event: 5.940 Thread 0x0000000009bed000 Implicit null exception at 0x00000000022b27d8 to 0x00000000022b2b39
Event: 6.110 Thread 0x0000000009c0d800 Implicit null exception at 0x00000000022ba1c8 to 0x00000000022bab65
Event: 6.411 Thread 0x0000000009c0d800 Threw 0x00000000eb155438 at C:\re\jdk7u79\2331\hotspot\src\share\vm\prims\jvm.cpp:1304
Event: 6.417 Thread 0x0000000009c0d800 Implicit null exception at 0x00000000022a55d2 to 0x00000000022a56c2

Events (10 events):
Event: 7.232 Thread 0x0000000009c9c000 DEOPT UNPACKING pc=0x00000000022675a4 sp=0x000000000a14e8c8 mode 2
Event: 7.232 Thread 0x0000000009c9c000 Uncommon trap: trap_request=0xffffffde fr.pc=0x0000000002309b38
Event: 7.232 Thread 0x0000000009c9c000 DEOPT PACKING pc=0x0000000002309b38 sp=0x000000000a14e920
Event: 7.232 Thread 0x0000000009c9c000 DEOPT UNPACKING pc=0x00000000022675a4 sp=0x000000000a14e8c8 mode 2
Event: 7.232 Thread 0x0000000009c9c000 Uncommon trap: trap_request=0xffffffde fr.pc=0x0000000002309b38
Event: 7.232 Thread 0x0000000009c9c000 DEOPT PACKING pc=0x0000000002309b38 sp=0x000000000a14e920
Event: 7.232 Thread 0x0000000009c9c000 DEOPT UNPACKING pc=0x00000000022675a4 sp=0x000000000a14e8c8 mode 2
Event: 7.232 Thread 0x0000000009c9c000 Uncommon trap: trap_request=0xffffffad fr.pc=0x00000000022c38c4
Event: 7.232 Thread 0x0000000009c9c000 DEOPT PACKING pc=0x00000000022c38c4 sp=0x000000000a14e600
Event: 7.232 Thread 0x0000000009c9c000 DEOPT UNPACKING pc=0x00000000022675a4 sp=0x000000000a14e5a0 mode 2


Dynamic libraries:
0x00007ff79b4f0000 - 0x00007ff79b523000 	C:\Program Files\Java\jdk1.7.0_79\bin\java.exe
0x00007fff58670000 - 0x00007fff5881d000 	C:\Windows\SYSTEM32\ntdll.dll
0x00007fff56440000 - 0x00007fff5657e000 	C:\Windows\system32\KERNEL32.DLL
0x00007fff55870000 - 0x00007fff55985000 	C:\Windows\system32\KERNELBASE.dll
0x00007fff54370000 - 0x00007fff543fe000 	C:\Windows\system32\apphelp.dll
0x00007fff4c980000 - 0x00007fff4c9d3000 	C:\Windows\AppPatch\AppPatch64\AcGenral.DLL
0x00007fff55f20000 - 0x00007fff55fca000 	C:\Windows\system32\msvcrt.dll
0x00007fff55cd0000 - 0x00007fff55cfe000 	C:\Windows\system32\SspiCli.dll
0x00007fff563e0000 - 0x00007fff56434000 	C:\Windows\system32\SHLWAPI.dll
0x00007fff56c10000 - 0x00007fff56d87000 	C:\Windows\system32\USER32.dll
0x00007fff56230000 - 0x00007fff563c4000 	C:\Windows\system32\ole32.dll
0x00007fff56d90000 - 0x00007fff582b9000 	C:\Windows\system32\SHELL32.dll
0x00007fff54dd0000 - 0x00007fff54df1000 	C:\Windows\SYSTEM32\USERENV.dll
0x00007fff569f0000 - 0x00007fff56a9a000 	C:\Windows\system32\ADVAPI32.dll
0x00007fff44460000 - 0x00007fff4447e000 	C:\Windows\SYSTEM32\MPR.dll
0x00007fff56aa0000 - 0x00007fff56be0000 	C:\Windows\system32\RPCRT4.dll
0x00007fff55fe0000 - 0x00007fff56039000 	C:\Windows\SYSTEM32\sechost.dll
0x00007fff582c0000 - 0x00007fff584d1000 	C:\Windows\SYSTEM32\combase.dll
0x00007fff584e0000 - 0x00007fff5862f000 	C:\Windows\system32\GDI32.dll
0x00007fff557a0000 - 0x00007fff557b5000 	C:\Windows\SYSTEM32\profapi.dll
0x00007fff53bf0000 - 0x00007fff53ca2000 	C:\Windows\SYSTEM32\SHCORE.dll
0x00007fff58630000 - 0x00007fff58666000 	C:\Windows\system32\IMM32.DLL
0x00007fff55dc0000 - 0x00007fff55f12000 	C:\Windows\system32\MSCTF.dll
0x00007fff53280000 - 0x00007fff534fb000 	C:\Windows\WinSxS\amd64_microsoft.windows.common-controls_6595b64144ccf1df_6.0.9600.18006_none_623f33d3ecbe86e8\COMCTL32.dll
0x0000000058610000 - 0x00000000586e2000 	C:\Program Files\Java\jdk1.7.0_79\jre\bin\msvcr100.dll
0x0000000058aa0000 - 0x0000000059275000 	C:\Program Files\Java\jdk1.7.0_79\jre\bin\server\jvm.dll
0x00007fff4e590000 - 0x00007fff4e599000 	C:\Windows\SYSTEM32\WSOCK32.dll
0x00007fff4e630000 - 0x00007fff4e652000 	C:\Windows\SYSTEM32\WINMM.dll
0x00007fff56040000 - 0x00007fff56047000 	C:\Windows\system32\PSAPI.DLL
0x00007fff56920000 - 0x00007fff5697a000 	C:\Windows\system32\WS2_32.dll
0x00007fff4e600000 - 0x00007fff4e62a000 	C:\Windows\SYSTEM32\WINMMBASE.dll
0x00007fff563d0000 - 0x00007fff563d9000 	C:\Windows\system32\NSI.dll
0x00007fff55aa0000 - 0x00007fff55aef000 	C:\Windows\SYSTEM32\cfgmgr32.dll
0x00007fff545c0000 - 0x00007fff545e8000 	C:\Windows\SYSTEM32\DEVOBJ.dll
0x0000000058a90000 - 0x0000000058a9f000 	C:\Program Files\Java\jdk1.7.0_79\jre\bin\verify.dll
0x0000000058a60000 - 0x0000000058a88000 	C:\Program Files\Java\jdk1.7.0_79\jre\bin\java.dll
0x0000000058a40000 - 0x0000000058a55000 	C:\Program Files\Java\jdk1.7.0_79\jre\bin\zip.dll
0x0000000058a20000 - 0x0000000058a3a000 	C:\Program Files\Java\jdk1.7.0_79\jre\bin\net.dll
0x00007fff55040000 - 0x00007fff55099000 	C:\Windows\system32\mswsock.dll
0x0000000058a00000 - 0x0000000058a11000 	C:\Program Files\Java\jdk1.7.0_79\jre\bin\nio.dll

VM Arguments:
jvm_args: -Djava.awt.headless=true -Xmx1024M -Dfile.encoding=windows-1252 -Duser.country=US -Duser.language=en -Duser.variant 
java_command: com.android.dx.command.Main --dex --num-threads=4 --output C:\Users\RVN-TECH\Downloads\the_city_mainfile\android_project\The City\app\build\intermediates\pre-dexed\debug\com.facebook.android-facebook-android-sdk-4.0.0_f97fc41501e959df0bf85b1220ffe5a0e4ff9943.jar C:\Users\RVN-TECH\Downloads\the_city_mainfile\android_project\The City\app\build\intermediates\exploded-aar\com.facebook.android\facebook-android-sdk\4.0.0\jars\classes.jar
Launcher Type: SUN_STANDARD

Environment Variables:
PATH=C:\Windows\system32;C:\Windows;C:\Windows\System32\Wbem;C:\Windows\System32\WindowsPowerShell\v1.0\;C:\Program Files\nodejs\;C:\Program Files\Git\cmd;C:\Program Files (x86)\Heroku\bin;C:\Program Files (x86)\git\cmd;C:\Program Files (x86)\Git\cmd;C:\Users\RVN-TECH\AppData\Roaming\npm;C:\Android\android-sdk\platforms;C:\Android\android-sdk\platformtools;
USERNAME=RVN-TECH
OS=Windows_NT
PROCESSOR_IDENTIFIER=Intel64 Family 6 Model 58 Stepping 9, GenuineIntel



---------------  S Y S T E M  ---------------

OS: Windows 8.1 , 64 bit Build 9600 

CPU:total 4 (2 cores per cpu, 2 threads per core) family 6 model 58 stepping 9, cmov, cx8, fxsr, mmx, sse, sse2, sse3, ssse3, sse4.1, sse4.2, popcnt, avx, erms, ht, tsc, tscinvbit, tscinv

Memory: 4k page, physical 4094312k(224320k free), swap 7240040k(5312k free)

vm_info: Java HotSpot(TM) 64-Bit Server VM (24.79-b02) for windows-amd64 JRE (1.7.0_79-b15), built on Apr 10 2015 12:36:16 by "java_re" with unknown MS VC++:1600

time: Mon Aug 15 15:51:50 2016
elapsed time: 7 seconds

