#
# There is insufficient memory for the Java Runtime Environment to continue.
# Native memory allocation (malloc) failed to allocate 80448 bytes for Chunk::new
# Possible reasons:
#   The system is out of physical RAM or swap space
#   In 32 bit mode, the process size limit was hit
# Possible solutions:
#   Reduce memory load on the system
#   Increase physical memory or swap space
#   Check if swap backing store is full
#   Use 64 bit Java on a 64 bit OS
#   Decrease Java heap size (-Xmx/-Xms)
#   Decrease number of Java threads
#   Decrease Java thread stack sizes (-Xss)
#   Set larger code cache with -XX:ReservedCodeCacheSize=
# This output file may be truncated or incomplete.
#
#  Out of Memory Error (allocation.cpp:323), pid=3744, tid=3912
#
# JRE version: Java(TM) SE Runtime Environment (7.0_79-b15) (build 1.7.0_79-b15)
# Java VM: Java HotSpot(TM) 64-Bit Server VM (24.79-b02 mixed mode windows-amd64 compressed oops)
# Failed to write core dump. Minidumps are not enabled by default on client versions of Windows
#

---------------  T H R E A D  ---------------

Current thread (0x0000000008713800):  JavaThread "C2 CompilerThread0" daemon [_thread_in_native, id=3912, stack(0x0000000009c90000,0x0000000009d90000)]

Stack: [0x0000000009c90000,0x0000000009d90000]

Current CompileTask:
C2:   4402  234   !         com.android.dx.cf.code.Ropper::processBlock (1101 bytes)


---------------  P R O C E S S  ---------------

Java Threads: ( => current thread )
  0x000000000a17a800 JavaThread "pool-1-thread-4" [_thread_blocked, id=7116, stack(0x000000000a890000,0x000000000a990000)]
  0x000000000a179800 JavaThread "pool-1-thread-3" [_thread_blocked, id=5724, stack(0x000000000a790000,0x000000000a890000)]
  0x000000000a173000 JavaThread "pool-1-thread-2" [_thread_in_Java, id=4420, stack(0x000000000a690000,0x000000000a790000)]
  0x000000000a172800 JavaThread "pool-2-thread-1" [_thread_blocked, id=4648, stack(0x000000000a590000,0x000000000a690000)]
  0x000000000a171800 JavaThread "pool-1-thread-1" [_thread_blocked, id=3212, stack(0x000000000a490000,0x000000000a590000)]
  0x0000000008724000 JavaThread "Service Thread" daemon [_thread_blocked, id=5052, stack(0x0000000009e90000,0x0000000009f90000)]
  0x000000000871d800 JavaThread "C2 CompilerThread1" daemon [_thread_in_native, id=6684, stack(0x0000000009d90000,0x0000000009e90000)]
=>0x0000000008713800 JavaThread "C2 CompilerThread0" daemon [_thread_in_native, id=3912, stack(0x0000000009c90000,0x0000000009d90000)]
  0x0000000008712800 JavaThread "Attach Listener" daemon [_thread_blocked, id=3492, stack(0x0000000009b90000,0x0000000009c90000)]
  0x000000000870f800 JavaThread "Signal Dispatcher" daemon [_thread_blocked, id=5604, stack(0x0000000009a90000,0x0000000009b90000)]
  0x00000000086df800 JavaThread "Finalizer" daemon [_thread_blocked, id=5288, stack(0x0000000009990000,0x0000000009a90000)]
  0x00000000086d6800 JavaThread "Reference Handler" daemon [_thread_blocked, id=4824, stack(0x0000000009890000,0x0000000009990000)]
  0x0000000002780800 JavaThread "main" [_thread_blocked, id=4632, stack(0x0000000002640000,0x0000000002740000)]

Other Threads:
  0x00000000086d1000 VMThread [stack: 0x0000000009790000,0x0000000009890000] [id=4220]
  0x0000000008732000 WatcherThread [stack: 0x0000000009f90000,0x000000000a090000] [id=2996]

VM state:not at safepoint (normal execution)

VM Mutex/Monitor currently owned by a thread: None

Heap
 PSYoungGen      total 35328K, used 5543K [0x00000000eaa80000, 0x00000000ecf80000, 0x0000000100000000)
  eden space 32768K, 9% used [0x00000000eaa80000,0x00000000ead6b390,0x00000000eca80000)
  from space 2560K, 99% used [0x00000000ecd00000,0x00000000ecf7eaa8,0x00000000ecf80000)
  to   space 2560K, 0% used [0x00000000eca80000,0x00000000eca80000,0x00000000ecd00000)
 ParOldGen       total 42496K, used 4167K [0x00000000c0000000, 0x00000000c2980000, 0x00000000eaa80000)
  object space 42496K, 9% used [0x00000000c0000000,0x00000000c0411f30,0x00000000c2980000)
 PSPermGen       total 21504K, used 5835K [0x00000000bae00000, 0x00000000bc300000, 0x00000000c0000000)
  object space 21504K, 27% used [0x00000000bae00000,0x00000000bb3b2ce0,0x00000000bc300000)

Card table byte_map: [0x0000000005940000,0x0000000005b70000] byte_map_base: 0x0000000005369000

Polling page: 0x00000000025e0000

Code Cache  [0x0000000002880000, 0x0000000002af0000, 0x0000000005880000)
 total_blobs=475 nmethods=238 adapters=189 free_code_cache=48184Kb largest_free_block=49316608

Compilation events (10 events):
Event: 4.283 Thread 0x000000000871d800 nmethod 235 0x000000000296e6d0 code [0x000000000296e840, 0x000000000296e9a8]
Event: 4.283 Thread 0x000000000871d800  236             com.android.dx.ssa.Dominators::compress (229 bytes)
Event: 4.334 Thread 0x000000000871d800 nmethod 236 0x000000000295d310 code [0x000000000295d4e0, 0x000000000295dcf0]
Event: 4.334 Thread 0x000000000871d800  237             com.android.dx.ssa.SsaMethod::buildUseList (112 bytes)
Event: 4.354 Thread 0x000000000871d800 nmethod 237 0x00000000029636d0 code [0x00000000029638a0, 0x0000000002964088]
Event: 4.354 Thread 0x000000000871d800  238             java.lang.Math::max (11 bytes)
Event: 4.354 Thread 0x000000000871d800 nmethod 238 0x000000000294e110 code [0x000000000294e240, 0x000000000294e298]
Event: 4.354 Thread 0x000000000871d800  239             com.android.dx.ssa.back.SsaToRop::convertInsns (53 bytes)
Event: 4.365 Thread 0x000000000871d800 nmethod 239 0x000000000296dc90 code [0x000000000296de00, 0x000000000296e1b8]
Event: 4.365 Thread 0x000000000871d800  240             com.android.dx.ssa.SCCP::simulateStmt (481 bytes)

GC Heap History (4 events):
Event: 2.310 GC heap before
{Heap before GC invocations=1 (full 0):
 PSYoungGen      total 18944K, used 16384K [0x00000000eaa80000, 0x00000000ebf80000, 0x0000000100000000)
  eden space 16384K, 100% used [0x00000000eaa80000,0x00000000eba80000,0x00000000eba80000)
  from space 2560K, 0% used [0x00000000ebd00000,0x00000000ebd00000,0x00000000ebf80000)
  to   space 2560K, 0% used [0x00000000eba80000,0x00000000eba80000,0x00000000ebd00000)
 ParOldGen       total 42496K, used 0K [0x00000000c0000000, 0x00000000c2980000, 0x00000000eaa80000)
  object space 42496K, 0% used [0x00000000c0000000,0x00000000c0000000,0x00000000c2980000)
 PSPermGen       total 21504K, used 5650K [0x00000000bae00000, 0x00000000bc300000, 0x00000000c0000000)
  object space 21504K, 26% used [0x00000000bae00000,0x00000000bb384b48,0x00000000bc300000)
Event: 2.362 GC heap after
Heap after GC invocations=1 (full 0):
 PSYoungGen      total 18944K, used 2554K [0x00000000eaa80000, 0x00000000ecf80000, 0x0000000100000000)
  eden space 16384K, 0% used [0x00000000eaa80000,0x00000000eaa80000,0x00000000eba80000)
  from space 2560K, 99% used [0x00000000eba80000,0x00000000ebcfeab8,0x00000000ebd00000)
  to   space 2560K, 0% used [0x00000000ecd00000,0x00000000ecd00000,0x00000000ecf80000)
 ParOldGen       total 42496K, used 1686K [0x00000000c0000000, 0x00000000c2980000, 0x00000000eaa80000)
  object space 42496K, 3% used [0x00000000c0000000,0x00000000c01a5898,0x00000000c2980000)
 PSPermGen       total 21504K, used 5650K [0x00000000bae00000, 0x00000000bc300000, 0x00000000c0000000)
  object space 21504K, 26% used [0x00000000bae00000,0x00000000bb384b48,0x00000000bc300000)
}
Event: 4.285 GC heap before
{Heap before GC invocations=2 (full 0):
 PSYoungGen      total 18944K, used 18938K [0x00000000eaa80000, 0x00000000ecf80000, 0x0000000100000000)
  eden space 16384K, 100% used [0x00000000eaa80000,0x00000000eba80000,0x00000000eba80000)
  from space 2560K, 99% used [0x00000000eba80000,0x00000000ebcfeab8,0x00000000ebd00000)
  to   space 2560K, 0% used [0x00000000ecd00000,0x00000000ecd00000,0x00000000ecf80000)
 ParOldGen       total 42496K, used 1686K [0x00000000c0000000, 0x00000000c2980000, 0x00000000eaa80000)
  object space 42496K, 3% used [0x00000000c0000000,0x00000000c01a5898,0x00000000c2980000)
 PSPermGen       total 21504K, used 5828K [0x00000000bae00000, 0x00000000bc300000, 0x00000000c0000000)
  object space 21504K, 27% used [0x00000000bae00000,0x00000000bb3b1198,0x00000000bc300000)
Event: 4.301 GC heap after
Heap after GC invocations=2 (full 0):
 PSYoungGen      total 35328K, used 2554K [0x00000000eaa80000, 0x00000000ecf80000, 0x0000000100000000)
  eden space 32768K, 0% used [0x00000000eaa80000,0x00000000eaa80000,0x00000000eca80000)
  from space 2560K, 99% used [0x00000000ecd00000,0x00000000ecf7eaa8,0x00000000ecf80000)
  to   space 2560K, 0% used [0x00000000eca80000,0x00000000eca80000,0x00000000ecd00000)
 ParOldGen       total 42496K, used 4167K [0x00000000c0000000, 0x00000000c2980000, 0x00000000eaa80000)
  object space 42496K, 9% used [0x00000000c0000000,0x00000000c0411f30,0x00000000c2980000)
 PSPermGen       total 21504K, used 5828K [0x00000000bae00000, 0x00000000bc300000, 0x00000000c0000000)
  object space 21504K, 27% used [0x00000000bae00000,0x00000000bb3b1198,0x00000000bc300000)
}

Deoptimization events (9 events):
Event: 1.818 Thread 0x000000000a171800 Uncommon trap: reason=null_check action=make_not_entrant pc=0x00000000028f9dc4 method=com.android.dx.rop.code.LocalItem.equals(Ljava/lang/Object;)Z @ 1
Event: 2.487 Thread 0x000000000a179800 Uncommon trap: reason=unreached action=reinterpret pc=0x0000000002903644 method=com.android.dx.rop.cst.Constant.compareTo(Lcom/android/dx/rop/cst/Constant;)I @ 12
Event: 2.491 Thread 0x000000000a179800 Uncommon trap: reason=class_check action=maybe_recompile pc=0x000000000290eafc method=com.android.dx.ssa.NormalSsaInsn.accept(Lcom/android/dx/ssa/SsaInsn$Visitor;)V @ 9
Event: 2.598 Thread 0x000000000a171800 Uncommon trap: reason=class_check action=maybe_recompile pc=0x000000000290eafc method=com.android.dx.ssa.NormalSsaInsn.accept(Lcom/android/dx/ssa/SsaInsn$Visitor;)V @ 9
Event: 3.146 Thread 0x000000000a179800 Uncommon trap: reason=null_check action=make_not_entrant pc=0x0000000002932a20 method=com.android.dx.rop.code.RegisterSpec.equals(Ljava/lang/Object;)Z @ 1
Event: 3.163 Thread 0x000000000a17a800 Uncommon trap: reason=class_check action=maybe_recompile pc=0x000000000290eafc method=com.android.dx.ssa.NormalSsaInsn.accept(Lcom/android/dx/ssa/SsaInsn$Visitor;)V @ 9
Event: 3.164 Thread 0x000000000a17a800 Uncommon trap: reason=class_check action=maybe_recompile pc=0x000000000290eafc method=com.android.dx.ssa.NormalSsaInsn.accept(Lcom/android/dx/ssa/SsaInsn$Visitor;)V @ 9
Event: 3.165 Thread 0x000000000a17a800 Uncommon trap: reason=class_check action=maybe_recompile pc=0x00000000028f60c0 method=com.android.dx.ssa.NormalSsaInsn.accept(Lcom/android/dx/ssa/SsaInsn$Visitor;)V @ 9
Event: 3.596 Thread 0x0000000002780800 Uncommon trap: reason=null_check action=make_not_entrant pc=0x0000000002940cf8 method=com.android.dx.ssa.SsaRenamer.getLocalForNewReg(I)Lcom/android/dx/rop/code/LocalItem; @ 19

Internal exceptions (10 events):
Event: 1.337 Thread 0x000000000a17a800 Threw 0x00000000eaf518b8 at C:\re\jdk7u79\2331\hotspot\src\share\vm\prims\jvm.cpp:1304
Event: 1.386 Thread 0x0000000002780800 Threw 0x00000000eb3dc5e0 at C:\re\jdk7u79\2331\hotspot\src\share\vm\prims\jvm.cpp:1304
Event: 1.389 Thread 0x0000000002780800 Threw 0x00000000eb3e6458 at C:\re\jdk7u79\2331\hotspot\src\share\vm\prims\jvm.cpp:1304
Event: 1.390 Thread 0x0000000002780800 Threw 0x00000000eb51f450 at C:\re\jdk7u79\2331\hotspot\src\share\vm\prims\jvm.cpp:1304
Event: 1.818 Thread 0x000000000a171800 Implicit null exception at 0x00000000028f9a77 to 0x00000000028f9dad
Event: 1.833 Thread 0x000000000a171800 Threw 0x00000000eb82dbe8 at C:\re\jdk7u79\2331\hotspot\src\share\vm\prims\jvm.cpp:1304
Event: 1.968 Thread 0x0000000002780800 Threw 0x00000000eb872970 at C:\re\jdk7u79\2331\hotspot\src\share\vm\prims\jvm.cpp:1304
Event: 1.970 Thread 0x0000000002780800 Threw 0x00000000eb874e60 at C:\re\jdk7u79\2331\hotspot\src\share\vm\prims\jvm.cpp:1304
Event: 3.146 Thread 0x000000000a179800 Implicit null exception at 0x0000000002931bee to 0x00000000029329f5
Event: 3.596 Thread 0x0000000002780800 Implicit null exception at 0x000000000293f925 to 0x0000000002940ccd

Events (10 events):
Event: 3.165 Thread 0x000000000a17a800 Uncommon trap: trap_request=0xffffffde fr.pc=0x00000000028f60c0
Event: 3.165 Thread 0x000000000a17a800 DEOPT PACKING pc=0x00000000028f60c0 sp=0x000000000a98e960
Event: 3.165 Thread 0x000000000a17a800 DEOPT UNPACKING pc=0x00000000028b75a4 sp=0x000000000a98e8b0 mode 2
Event: 3.596 Thread 0x0000000002780800 Uncommon trap: trap_request=0xfffffff4 fr.pc=0x0000000002940cf8
Event: 3.596 Thread 0x0000000002780800 DEOPT PACKING pc=0x0000000002940cf8 sp=0x000000000273e5c0
Event: 3.596 Thread 0x0000000002780800 DEOPT UNPACKING pc=0x00000000028b75a4 sp=0x000000000273e358 mode 2
Event: 4.206 Executing VM operation: EnableBiasedLocking
Event: 4.234 Executing VM operation: EnableBiasedLocking done
Event: 4.284 Executing VM operation: ParallelGCFailedAllocation
Event: 4.301 Executing VM operation: ParallelGCFailedAllocation done


Dynamic libraries:
0x00007ff79b4f0000 - 0x00007ff79b523000 	C:\Program Files\Java\jdk1.7.0_79\bin\java.exe
0x00007fff58670000 - 0x00007fff5881d000 	C:\Windows\SYSTEM32\ntdll.dll
0x00007fff56440000 - 0x00007fff5657e000 	C:\Windows\system32\KERNEL32.DLL
0x00007fff55870000 - 0x00007fff55985000 	C:\Windows\system32\KERNELBASE.dll
0x00007fff54370000 - 0x00007fff543fe000 	C:\Windows\system32\apphelp.dll
0x00007fff4c980000 - 0x00007fff4c9d3000 	C:\Windows\AppPatch\AppPatch64\AcGenral.DLL
0x00007fff55f20000 - 0x00007fff55fca000 	C:\Windows\system32\msvcrt.dll
0x00007fff55cd0000 - 0x00007fff55cfe000 	C:\Windows\system32\SspiCli.dll
0x00007fff563e0000 - 0x00007fff56434000 	C:\Windows\system32\SHLWAPI.dll
0x00007fff56c10000 - 0x00007fff56d87000 	C:\Windows\system32\USER32.dll
0x00007fff56230000 - 0x00007fff563c4000 	C:\Windows\system32\ole32.dll
0x00007fff56d90000 - 0x00007fff582b9000 	C:\Windows\system32\SHELL32.dll
0x00007fff54dd0000 - 0x00007fff54df1000 	C:\Windows\SYSTEM32\USERENV.dll
0x00007fff569f0000 - 0x00007fff56a9a000 	C:\Windows\system32\ADVAPI32.dll
0x00007fff44460000 - 0x00007fff4447e000 	C:\Windows\SYSTEM32\MPR.dll
0x00007fff56aa0000 - 0x00007fff56be0000 	C:\Windows\system32\RPCRT4.dll
0x00007fff55fe0000 - 0x00007fff56039000 	C:\Windows\SYSTEM32\sechost.dll
0x00007fff582c0000 - 0x00007fff584d1000 	C:\Windows\SYSTEM32\combase.dll
0x00007fff584e0000 - 0x00007fff5862f000 	C:\Windows\system32\GDI32.dll
0x00007fff557a0000 - 0x00007fff557b5000 	C:\Windows\SYSTEM32\profapi.dll
0x00007fff53bf0000 - 0x00007fff53ca2000 	C:\Windows\SYSTEM32\SHCORE.dll
0x00007fff58630000 - 0x00007fff58666000 	C:\Windows\system32\IMM32.DLL
0x00007fff55dc0000 - 0x00007fff55f12000 	C:\Windows\system32\MSCTF.dll
0x00007fff53280000 - 0x00007fff534fb000 	C:\Windows\WinSxS\amd64_microsoft.windows.common-controls_6595b64144ccf1df_6.0.9600.18006_none_623f33d3ecbe86e8\COMCTL32.dll
0x0000000058610000 - 0x00000000586e2000 	C:\Program Files\Java\jdk1.7.0_79\jre\bin\msvcr100.dll
0x0000000058aa0000 - 0x0000000059275000 	C:\Program Files\Java\jdk1.7.0_79\jre\bin\server\jvm.dll
0x00007fff4e590000 - 0x00007fff4e599000 	C:\Windows\SYSTEM32\WSOCK32.dll
0x00007fff4e630000 - 0x00007fff4e652000 	C:\Windows\SYSTEM32\WINMM.dll
0x00007fff56040000 - 0x00007fff56047000 	C:\Windows\system32\PSAPI.DLL
0x00007fff56920000 - 0x00007fff5697a000 	C:\Windows\system32\WS2_32.dll
0x00007fff4e600000 - 0x00007fff4e62a000 	C:\Windows\SYSTEM32\WINMMBASE.dll
0x00007fff563d0000 - 0x00007fff563d9000 	C:\Windows\system32\NSI.dll
0x00007fff55aa0000 - 0x00007fff55aef000 	C:\Windows\SYSTEM32\cfgmgr32.dll
0x00007fff545c0000 - 0x00007fff545e8000 	C:\Windows\SYSTEM32\DEVOBJ.dll
0x0000000058a90000 - 0x0000000058a9f000 	C:\Program Files\Java\jdk1.7.0_79\jre\bin\verify.dll
0x0000000058a60000 - 0x0000000058a88000 	C:\Program Files\Java\jdk1.7.0_79\jre\bin\java.dll
0x0000000058a40000 - 0x0000000058a55000 	C:\Program Files\Java\jdk1.7.0_79\jre\bin\zip.dll
0x0000000058a20000 - 0x0000000058a3a000 	C:\Program Files\Java\jdk1.7.0_79\jre\bin\net.dll
0x00007fff55040000 - 0x00007fff55099000 	C:\Windows\system32\mswsock.dll
0x0000000058a00000 - 0x0000000058a11000 	C:\Program Files\Java\jdk1.7.0_79\jre\bin\nio.dll

VM Arguments:
jvm_args: -Djava.awt.headless=true -Xmx1024M -Dfile.encoding=windows-1252 -Duser.country=US -Duser.language=en -Duser.variant 
java_command: com.android.dx.command.Main --dex --num-threads=4 --output C:\Users\RVN-TECH\Downloads\the_city_mainfile\android_project\The City\app\build\intermediates\pre-dexed\debug\picasso-2.4.0_c6025f23a3d7b8c3fe20360a705ac07b66439175.jar C:\Users\RVN-TECH\.gradle\caches\modules-2\files-2.1\com.squareup.picasso\picasso\2.4.0\f36d2d4e3a36b3259aaf9d004d29b4cdc6c1bfb2\picasso-2.4.0.jar
Launcher Type: SUN_STANDARD

Environment Variables:
PATH=C:\Windows\system32;C:\Windows;C:\Windows\System32\Wbem;C:\Windows\System32\WindowsPowerShell\v1.0\;C:\Program Files\nodejs\;C:\Program Files\Git\cmd;C:\Program Files (x86)\Heroku\bin;C:\Program Files (x86)\git\cmd;C:\Program Files (x86)\Git\cmd;C:\Users\RVN-TECH\AppData\Roaming\npm;C:\Android\android-sdk\platforms;C:\Android\android-sdk\platformtools;
USERNAME=RVN-TECH
OS=Windows_NT
PROCESSOR_IDENTIFIER=Intel64 Family 6 Model 58 Stepping 9, GenuineIntel



---------------  S Y S T E M  ---------------

OS: Windows 8.1 , 64 bit Build 9600 

CPU:total 4 (2 cores per cpu, 2 threads per core) family 6 model 58 stepping 9, cmov, cx8, fxsr, mmx, sse, sse2, sse3, ssse3, sse4.1, sse4.2, popcnt, avx, erms, ht, tsc, tscinvbit, tscinv

Memory: 4k page, physical 4094312k(225904k free), swap 7240040k(5200k free)

vm_info: Java HotSpot(TM) 64-Bit Server VM (24.79-b02) for windows-amd64 JRE (1.7.0_79-b15), built on Apr 10 2015 12:36:16 by "java_re" with unknown MS VC++:1600

time: Mon Aug 15 15:44:08 2016
elapsed time: 4 seconds

