#
# There is insufficient memory for the Java Runtime Environment to continue.
# Native memory allocation (malloc) failed to allocate 212176 bytes for Chunk::new
# Possible reasons:
#   The system is out of physical RAM or swap space
#   In 32 bit mode, the process size limit was hit
# Possible solutions:
#   Reduce memory load on the system
#   Increase physical memory or swap space
#   Check if swap backing store is full
#   Use 64 bit Java on a 64 bit OS
#   Decrease Java heap size (-Xmx/-Xms)
#   Decrease number of Java threads
#   Decrease Java thread stack sizes (-Xss)
#   Set larger code cache with -XX:ReservedCodeCacheSize=
# This output file may be truncated or incomplete.
#
#  Out of Memory Error (allocation.cpp:323), pid=4584, tid=552
#
# JRE version: Java(TM) SE Runtime Environment (7.0_79-b15) (build 1.7.0_79-b15)
# Java VM: Java HotSpot(TM) 64-Bit Server VM (24.79-b02 mixed mode windows-amd64 compressed oops)
# Failed to write core dump. Minidumps are not enabled by default on client versions of Windows
#

---------------  T H R E A D  ---------------

Current thread (0x00000000081ec000):  JavaThread "C2 CompilerThread0" daemon [_thread_in_native, id=552, stack(0x0000000009750000,0x0000000009850000)]

Stack: [0x0000000009750000,0x0000000009850000]

Current CompileTask:
C2:   3458  174             com.android.dx.ssa.SsaMethod::mapRegisters (87 bytes)


---------------  P R O C E S S  ---------------

Java Threads: ( => current thread )
  0x0000000009c95800 JavaThread "pool-1-thread-4" [_thread_in_Java, id=284, stack(0x000000000a350000,0x000000000a450000)]
  0x0000000009c4f000 JavaThread "pool-1-thread-3" [_thread_in_Java, id=4736, stack(0x000000000a250000,0x000000000a350000)]
  0x0000000009c4e000 JavaThread "pool-1-thread-2" [_thread_in_Java, id=2020, stack(0x000000000a150000,0x000000000a250000)]
  0x0000000009bd5000 JavaThread "pool-2-thread-1" [_thread_blocked, id=140, stack(0x000000000a050000,0x000000000a150000)]
  0x000000000825d000 JavaThread "pool-1-thread-1" [_thread_in_Java, id=5164, stack(0x0000000009f50000,0x000000000a050000)]
  0x00000000081f1000 JavaThread "Service Thread" daemon [_thread_blocked, id=6356, stack(0x0000000009950000,0x0000000009a50000)]
  0x00000000081ee000 JavaThread "C2 CompilerThread1" daemon [_thread_in_native, id=1604, stack(0x0000000009850000,0x0000000009950000)]
=>0x00000000081ec000 JavaThread "C2 CompilerThread0" daemon [_thread_in_native, id=552, stack(0x0000000009750000,0x0000000009850000)]
  0x00000000081eb000 JavaThread "Attach Listener" daemon [_thread_blocked, id=5848, stack(0x0000000009650000,0x0000000009750000)]
  0x00000000081e8000 JavaThread "Signal Dispatcher" daemon [_thread_blocked, id=6292, stack(0x0000000009550000,0x0000000009650000)]
  0x00000000081ae800 JavaThread "Finalizer" daemon [_thread_blocked, id=6828, stack(0x0000000009450000,0x0000000009550000)]
  0x00000000081a5800 JavaThread "Reference Handler" daemon [_thread_blocked, id=6708, stack(0x0000000009350000,0x0000000009450000)]
  0x0000000002230800 JavaThread "main" [_thread_in_Java, id=6020, stack(0x00000000020d0000,0x00000000021d0000)]

Other Threads:
  0x00000000081a0800 VMThread [stack: 0x0000000009250000,0x0000000009350000] [id=1208]
  0x0000000008202800 WatcherThread [stack: 0x0000000009a50000,0x0000000009b50000] [id=1828]

VM state:not at safepoint (normal execution)

VM Mutex/Monitor currently owned by a thread: None

Heap
 PSYoungGen      total 18944K, used 8782K [0x00000000eaa80000, 0x00000000ebf80000, 0x0000000100000000)
  eden space 16384K, 38% used [0x00000000eaa80000,0x00000000eb096220,0x00000000eba80000)
  from space 2560K, 99% used [0x00000000eba80000,0x00000000ebcfd9d0,0x00000000ebd00000)
  to   space 2560K, 0% used [0x00000000ebd00000,0x00000000ebd00000,0x00000000ebf80000)
 ParOldGen       total 42496K, used 2280K [0x00000000c0000000, 0x00000000c2980000, 0x00000000eaa80000)
  object space 42496K, 5% used [0x00000000c0000000,0x00000000c023a288,0x00000000c2980000)
 PSPermGen       total 21504K, used 5306K [0x00000000bae00000, 0x00000000bc300000, 0x00000000c0000000)
  object space 21504K, 24% used [0x00000000bae00000,0x00000000bb32eb58,0x00000000bc300000)

Card table byte_map: [0x00000000053f0000,0x0000000005620000] byte_map_base: 0x0000000004e19000

Polling page: 0x0000000000870000

Code Cache  [0x0000000002330000, 0x00000000025a0000, 0x0000000005330000)
 total_blobs=388 nmethods=174 adapters=166 free_code_cache=48475Kb largest_free_block=49609344

Compilation events (10 events):
Event: 3.443 Thread 0x00000000081ee000 nmethod 170 0x00000000023dbd10 code [0x00000000023dbe60, 0x00000000023dc158]
Event: 3.443 Thread 0x00000000081ee000  172             java.util.ArrayList::<init> (12 bytes)
Event: 3.444 Thread 0x00000000081ee000 nmethod 172 0x00000000023d80d0 code [0x00000000023d8200, 0x00000000023d8278]
Event: 3.444 Thread 0x00000000081ee000  173             java.util.BitSet::clear (70 bytes)
Event: 3.445 Thread 0x00000000081ec000 nmethod 171 0x00000000023d3750 code [0x00000000023d38a0, 0x00000000023d3c88]
Event: 3.446 Thread 0x00000000081ec000  174             com.android.dx.ssa.SsaMethod::mapRegisters (87 bytes)
Event: 3.447 Thread 0x00000000081ee000 nmethod 173 0x00000000023db990 code [0x00000000023dbae0, 0x00000000023dbbd8]
Event: 3.449 Thread 0x00000000081ee000  175             com.android.dx.rop.code.Insn::<init> (69 bytes)
Event: 3.450 Thread 0x00000000081ee000 nmethod 175 0x00000000023d3450 code [0x00000000023d3580, 0x00000000023d3678]
Event: 3.450 Thread 0x00000000081ee000  176             com.android.dx.util.IntList::mutableCopy (39 bytes)

GC Heap History (2 events):
Event: 2.735 GC heap before
{Heap before GC invocations=1 (full 0):
 PSYoungGen      total 18944K, used 16384K [0x00000000eaa80000, 0x00000000ebf80000, 0x0000000100000000)
  eden space 16384K, 100% used [0x00000000eaa80000,0x00000000eba80000,0x00000000eba80000)
  from space 2560K, 0% used [0x00000000ebd00000,0x00000000ebd00000,0x00000000ebf80000)
  to   space 2560K, 0% used [0x00000000eba80000,0x00000000eba80000,0x00000000ebd00000)
 ParOldGen       total 42496K, used 0K [0x00000000c0000000, 0x00000000c2980000, 0x00000000eaa80000)
  object space 42496K, 0% used [0x00000000c0000000,0x00000000c0000000,0x00000000c2980000)
 PSPermGen       total 21504K, used 5231K [0x00000000bae00000, 0x00000000bc300000, 0x00000000c0000000)
  object space 21504K, 24% used [0x00000000bae00000,0x00000000bb31be58,0x00000000bc300000)
Event: 2.954 GC heap after
Heap after GC invocations=1 (full 0):
 PSYoungGen      total 18944K, used 2550K [0x00000000eaa80000, 0x00000000ebf80000, 0x0000000100000000)
  eden space 16384K, 0% used [0x00000000eaa80000,0x00000000eaa80000,0x00000000eba80000)
  from space 2560K, 99% used [0x00000000eba80000,0x00000000ebcfd9d0,0x00000000ebd00000)
  to   space 2560K, 0% used [0x00000000ebd00000,0x00000000ebd00000,0x00000000ebf80000)
 ParOldGen       total 42496K, used 2280K [0x00000000c0000000, 0x00000000c2980000, 0x00000000eaa80000)
  object space 42496K, 5% used [0x00000000c0000000,0x00000000c023a288,0x00000000c2980000)
 PSPermGen       total 21504K, used 5231K [0x00000000bae00000, 0x00000000bc300000, 0x00000000c0000000)
  object space 21504K, 24% used [0x00000000bae00000,0x00000000bb31be58,0x00000000bc300000)
}

Deoptimization events (10 events):
Event: 2.130 Thread 0x0000000009c4e000 Uncommon trap: reason=class_check action=maybe_recompile pc=0x00000000023b41f0 method=com.android.dx.ssa.SsaMethod.deleteInsns(Ljava/util/Set;)V @ 54
Event: 2.131 Thread 0x0000000009c4e000 Uncommon trap: reason=class_check action=maybe_recompile pc=0x00000000023a9bbc method=com.android.dx.ssa.SsaBasicBlock.forEachInsn(Lcom/android/dx/ssa/SsaInsn$Visitor;)V @ 23
Event: 2.131 Thread 0x0000000009c4e000 Uncommon trap: reason=class_check action=maybe_recompile pc=0x00000000023a9bbc method=com.android.dx.ssa.SsaBasicBlock.forEachInsn(Lcom/android/dx/ssa/SsaInsn$Visitor;)V @ 23
Event: 2.132 Thread 0x0000000009c4e000 Uncommon trap: reason=class_check action=maybe_recompile pc=0x00000000023b41f0 method=com.android.dx.ssa.SsaMethod.deleteInsns(Ljava/util/Set;)V @ 54
Event: 2.133 Thread 0x0000000009c4e000 Uncommon trap: reason=class_check action=maybe_recompile pc=0x00000000023b41f0 method=com.android.dx.ssa.SsaMethod.deleteInsns(Ljava/util/Set;)V @ 54
Event: 2.387 Thread 0x0000000009c4f000 Uncommon trap: reason=class_check action=maybe_recompile pc=0x00000000023b1470 method=com.android.dx.ssa.NormalSsaInsn.accept(Lcom/android/dx/ssa/SsaInsn$Visitor;)V @ 9
Event: 2.418 Thread 0x0000000009c95800 Uncommon trap: reason=class_check action=maybe_recompile pc=0x00000000023b41f0 method=com.android.dx.ssa.SsaMethod.deleteInsns(Ljava/util/Set;)V @ 54
Event: 2.968 Thread 0x0000000002230800 Uncommon trap: reason=null_check action=make_not_entrant pc=0x00000000023bc0a4 method=com.android.dx.rop.type.Type.putIntern(Lcom/android/dx/rop/type/Type;)Lcom/android/dx/rop/type/Type; @ 18
Event: 2.979 Thread 0x0000000009c95800 Uncommon trap: reason=class_check action=maybe_recompile pc=0x00000000023b1470 method=com.android.dx.ssa.NormalSsaInsn.accept(Lcom/android/dx/ssa/SsaInsn$Visitor;)V @ 9
Event: 3.079 Thread 0x0000000009c95800 Uncommon trap: reason=null_check action=make_not_entrant pc=0x00000000023ca77c method=com.android.dx.rop.code.LocalItem.equals(Ljava/lang/Object;)Z @ 1

Internal exceptions (10 events):
Event: 2.142 Thread 0x0000000002230800 Threw 0x00000000eb906e18 at C:\re\jdk7u79\2331\hotspot\src\share\vm\prims\jvm.cpp:1304
Event: 2.142 Thread 0x0000000002230800 Threw 0x00000000eb909498 at C:\re\jdk7u79\2331\hotspot\src\share\vm\prims\jvm.cpp:1304
Event: 2.408 Thread 0x0000000002230800 Threw 0x00000000eb9e9230 at C:\re\jdk7u79\2331\hotspot\src\share\vm\prims\jvm.cpp:1304
Event: 2.415 Thread 0x0000000009c4f000 Threw 0x00000000eba440b8 at C:\re\jdk7u79\2331\hotspot\src\share\vm\prims\jvm.cpp:1304
Event: 2.416 Thread 0x000000000825d000 Threw 0x00000000eb9b5920 at C:\re\jdk7u79\2331\hotspot\src\share\vm\prims\jvm.cpp:1304
Event: 2.728 Thread 0x0000000009c4f000 Threw 0x00000000eba728d0 at C:\re\jdk7u79\2331\hotspot\src\share\vm\prims\jvm.cpp:1304
Event: 2.968 Thread 0x0000000002230800 Implicit null exception at 0x00000000023bb9b7 to 0x00000000023bc095
Event: 2.995 Thread 0x0000000009c4e000 Threw 0x00000000eabfbd68 at C:\re\jdk7u79\2331\hotspot\src\share\vm\prims\jvm.cpp:1304
Event: 3.079 Thread 0x0000000009c95800 Implicit null exception at 0x00000000023ca438 to 0x00000000023ca769
Event: 3.180 Thread 0x0000000009c95800 Threw 0x00000000eae68e18 at C:\re\jdk7u79\2331\hotspot\src\share\vm\prims\jvm.cpp:1304

Events (10 events):
Event: 2.979 Thread 0x0000000009c95800 Uncommon trap: trap_request=0xffffffde fr.pc=0x00000000023b1470
Event: 2.979 Thread 0x0000000009c95800 DEOPT PACKING pc=0x00000000023b1470 sp=0x000000000a44e890
Event: 2.979 Thread 0x0000000009c95800 DEOPT UNPACKING pc=0x00000000023675a4 sp=0x000000000a44e7e0 mode 2
Event: 2.995 loading class 0x0000000009cad0a0
Event: 2.995 loading class 0x0000000009cad0a0 done
Event: 3.079 Thread 0x0000000009c95800 Uncommon trap: trap_request=0xfffffff4 fr.pc=0x00000000023ca77c
Event: 3.079 Thread 0x0000000009c95800 DEOPT PACKING pc=0x00000000023ca77c sp=0x000000000a44e7d0
Event: 3.079 Thread 0x0000000009c95800 DEOPT UNPACKING pc=0x00000000023675a4 sp=0x000000000a44e710 mode 2
Event: 3.180 loading class 0x0000000009bdd5d0
Event: 3.180 loading class 0x0000000009bdd5d0 done


Dynamic libraries:
0x00007ff72f400000 - 0x00007ff72f433000 	C:\Program Files\Java\jdk1.7.0_79\bin\java.exe
0x00007ffb186d0000 - 0x00007ffb1887d000 	C:\Windows\SYSTEM32\ntdll.dll
0x00007ffb17a60000 - 0x00007ffb17b9e000 	C:\Windows\system32\KERNEL32.DLL
0x00007ffb158d0000 - 0x00007ffb159e5000 	C:\Windows\system32\KERNELBASE.dll
0x00007ffb143d0000 - 0x00007ffb1445e000 	C:\Windows\system32\apphelp.dll
0x00007ffb037d0000 - 0x00007ffb03823000 	C:\Windows\AppPatch\AppPatch64\AcGenral.DLL
0x00007ffb17f90000 - 0x00007ffb1803a000 	C:\Windows\system32\msvcrt.dll
0x00007ffb15d30000 - 0x00007ffb15d5e000 	C:\Windows\system32\SspiCli.dll
0x00007ffb17ed0000 - 0x00007ffb17f24000 	C:\Windows\system32\SHLWAPI.dll
0x00007ffb16350000 - 0x00007ffb164c7000 	C:\Windows\system32\USER32.dll
0x00007ffb15d60000 - 0x00007ffb15ef4000 	C:\Windows\system32\ole32.dll
0x00007ffb16530000 - 0x00007ffb17a5a000 	C:\Windows\system32\SHELL32.dll
0x00007ffb150d0000 - 0x00007ffb150f1000 	C:\Windows\SYSTEM32\USERENV.dll
0x00007ffb17be0000 - 0x00007ffb17c8a000 	C:\Windows\system32\ADVAPI32.dll
0x00007ffb0e8a0000 - 0x00007ffb0e8be000 	C:\Windows\SYSTEM32\MPR.dll
0x00007ffb18590000 - 0x00007ffb186d0000 	C:\Windows\system32\RPCRT4.dll
0x00007ffb17f30000 - 0x00007ffb17f89000 	C:\Windows\SYSTEM32\sechost.dll
0x00007ffb18190000 - 0x00007ffb183a1000 	C:\Windows\SYSTEM32\combase.dll
0x00007ffb16200000 - 0x00007ffb1634f000 	C:\Windows\system32\GDI32.dll
0x00007ffb15800000 - 0x00007ffb15815000 	C:\Windows\SYSTEM32\profapi.dll
0x00007ffb13bf0000 - 0x00007ffb13ca2000 	C:\Windows\SYSTEM32\SHCORE.dll
0x00007ffb17ba0000 - 0x00007ffb17bd6000 	C:\Windows\system32\IMM32.DLL
0x00007ffb15f00000 - 0x00007ffb16052000 	C:\Windows\system32\MSCTF.dll
0x00007ffb13010000 - 0x00007ffb1328b000 	C:\Windows\WinSxS\amd64_microsoft.windows.common-controls_6595b64144ccf1df_6.0.9600.18006_none_623f33d3ecbe86e8\COMCTL32.dll
0x0000000067280000 - 0x0000000067352000 	C:\Program Files\Java\jdk1.7.0_79\jre\bin\msvcr100.dll
0x0000000067360000 - 0x0000000067b35000 	C:\Program Files\Java\jdk1.7.0_79\jre\bin\server\jvm.dll
0x00007ffb13860000 - 0x00007ffb13869000 	C:\Windows\SYSTEM32\WSOCK32.dll
0x00007ffb0e740000 - 0x00007ffb0e762000 	C:\Windows\SYSTEM32\WINMM.dll
0x00007ffb16060000 - 0x00007ffb16067000 	C:\Windows\system32\PSAPI.DLL
0x00007ffb164d0000 - 0x00007ffb1652a000 	C:\Windows\system32\WS2_32.dll
0x00007ffb0e710000 - 0x00007ffb0e73a000 	C:\Windows\SYSTEM32\WINMMBASE.dll
0x00007ffb18580000 - 0x00007ffb18589000 	C:\Windows\system32\NSI.dll
0x00007ffb15ce0000 - 0x00007ffb15d2f000 	C:\Windows\SYSTEM32\cfgmgr32.dll
0x00007ffb14620000 - 0x00007ffb14648000 	C:\Windows\SYSTEM32\DEVOBJ.dll
0x0000000067270000 - 0x000000006727f000 	C:\Program Files\Java\jdk1.7.0_79\jre\bin\verify.dll
0x0000000067240000 - 0x0000000067268000 	C:\Program Files\Java\jdk1.7.0_79\jre\bin\java.dll
0x0000000067220000 - 0x0000000067235000 	C:\Program Files\Java\jdk1.7.0_79\jre\bin\zip.dll

VM Arguments:
jvm_args: -Djava.awt.headless=true -Xmx1024M -Dfile.encoding=windows-1252 -Duser.country=US -Duser.language=en -Duser.variant 
java_command: com.android.dx.command.Main --dex --num-threads=4 --output C:\Users\RVN-TECH\Downloads\the_city_mainfile\android_project\The City\app\build\intermediates\pre-dexed\debug\debug_727cdc6e70e6f7236493e16079a98e1ae93dbda8.jar C:\Users\RVN-TECH\Downloads\the_city_mainfile\android_project\The City\app\build\intermediates\classes\debug
Launcher Type: SUN_STANDARD

Environment Variables:
PATH=C:\Windows\system32;C:\Windows;C:\Windows\System32\Wbem;C:\Windows\System32\WindowsPowerShell\v1.0\;C:\Program Files\nodejs\;C:\Program Files\Git\cmd;C:\Program Files (x86)\Heroku\bin;C:\Program Files (x86)\git\cmd;C:\Program Files (x86)\Git\cmd;C:\Users\RVN-TECH\AppData\Roaming\npm;C:\Android\android-sdk\platforms;C:\Android\android-sdk\platformtools;
USERNAME=RVN-TECH
OS=Windows_NT
PROCESSOR_IDENTIFIER=Intel64 Family 6 Model 58 Stepping 9, GenuineIntel



---------------  S Y S T E M  ---------------

OS: Windows 8.1 , 64 bit Build 9600 

CPU:total 4 (2 cores per cpu, 2 threads per core) family 6 model 58 stepping 9, cmov, cx8, fxsr, mmx, sse, sse2, sse3, ssse3, sse4.1, sse4.2, popcnt, avx, erms, ht, tsc, tscinvbit, tscinv

Memory: 4k page, physical 4094312k(365404k free), swap 7240040k(5088k free)

vm_info: Java HotSpot(TM) 64-Bit Server VM (24.79-b02) for windows-amd64 JRE (1.7.0_79-b15), built on Apr 10 2015 12:36:16 by "java_re" with unknown MS VC++:1600

time: Tue Aug 02 16:01:59 2016
elapsed time: 3 seconds

