#
# There is insufficient memory for the Java Runtime Environment to continue.
# Native memory allocation (malloc) failed to allocate 234256 bytes for Chunk::new
# Possible reasons:
#   The system is out of physical RAM or swap space
#   In 32 bit mode, the process size limit was hit
# Possible solutions:
#   Reduce memory load on the system
#   Increase physical memory or swap space
#   Check if swap backing store is full
#   Use 64 bit Java on a 64 bit OS
#   Decrease Java heap size (-Xmx/-Xms)
#   Decrease number of Java threads
#   Decrease Java thread stack sizes (-Xss)
#   Set larger code cache with -XX:ReservedCodeCacheSize=
# This output file may be truncated or incomplete.
#
#  Out of Memory Error (allocation.cpp:323), pid=3828, tid=4296
#
# JRE version: Java(TM) SE Runtime Environment (7.0_79-b15) (build 1.7.0_79-b15)
# Java VM: Java HotSpot(TM) 64-Bit Server VM (24.79-b02 mixed mode windows-amd64 compressed oops)
# Failed to write core dump. Minidumps are not enabled by default on client versions of Windows
#

---------------  T H R E A D  ---------------

Current thread (0x0000000008cce000):  JavaThread "C2 CompilerThread1" daemon [_thread_in_native, id=4296, stack(0x000000000a340000,0x000000000a440000)]

Stack: [0x000000000a340000,0x000000000a440000]

Current CompileTask:
C2:   3405  193             com.android.dx.ssa.SCCP::run (298 bytes)


---------------  P R O C E S S  ---------------

Java Threads: ( => current thread )
  0x000000000a797000 JavaThread "pool-1-thread-4" [_thread_in_Java, id=5996, stack(0x000000000ae40000,0x000000000af40000)]
  0x000000000a796000 JavaThread "pool-1-thread-3" [_thread_in_Java, id=7028, stack(0x000000000ad40000,0x000000000ae40000)]
  0x000000000a78c800 JavaThread "pool-2-thread-1" [_thread_blocked, id=4452, stack(0x000000000ab40000,0x000000000ac40000)]
  0x0000000008cd4000 JavaThread "Service Thread" daemon [_thread_blocked, id=2832, stack(0x000000000a440000,0x000000000a540000)]
=>0x0000000008cce000 JavaThread "C2 CompilerThread1" daemon [_thread_in_native, id=4296, stack(0x000000000a340000,0x000000000a440000)]
  0x0000000008ccc000 JavaThread "C2 CompilerThread0" daemon [_thread_blocked, id=6044, stack(0x000000000a240000,0x000000000a340000)]
  0x0000000008ccb000 JavaThread "Attach Listener" daemon [_thread_blocked, id=7724, stack(0x000000000a140000,0x000000000a240000)]
  0x0000000008cc7800 JavaThread "Signal Dispatcher" daemon [_thread_blocked, id=2796, stack(0x000000000a040000,0x000000000a140000)]
  0x0000000008c8e800 JavaThread "Finalizer" daemon [_thread_blocked, id=7664, stack(0x0000000009f40000,0x000000000a040000)]
  0x0000000008c85800 JavaThread "Reference Handler" daemon [_thread_blocked, id=2264, stack(0x0000000009e40000,0x0000000009f40000)]
  0x0000000002d30800 JavaThread "main" [_thread_blocked, id=8096, stack(0x0000000002c30000,0x0000000002d30000)]

Other Threads:
  0x0000000008c80800 VMThread [stack: 0x0000000009d40000,0x0000000009e40000] [id=4440]
  0x0000000008ce2800 WatcherThread [stack: 0x000000000a540000,0x000000000a640000] [id=6588]

VM state:not at safepoint (normal execution)

VM Mutex/Monitor currently owned by a thread:  ([mutex/lock_event])
[0x0000000002b7d970] MethodData_lock - owner thread: 0x0000000000000000

Heap
 PSYoungGen      total 18944K, used 13026K [0x00000000eaa80000, 0x00000000ebf80000, 0x0000000100000000)
  eden space 16384K, 64% used [0x00000000eaa80000,0x00000000eb4bdfa0,0x00000000eba80000)
  from space 2560K, 99% used [0x00000000eba80000,0x00000000ebcfaaa8,0x00000000ebd00000)
  to   space 2560K, 0% used [0x00000000ebd00000,0x00000000ebd00000,0x00000000ebf80000)
 ParOldGen       total 42496K, used 1917K [0x00000000c0000000, 0x00000000c2980000, 0x00000000eaa80000)
  object space 42496K, 4% used [0x00000000c0000000,0x00000000c01df5c8,0x00000000c2980000)
 PSPermGen       total 21504K, used 5799K [0x00000000bae00000, 0x00000000bc300000, 0x00000000c0000000)
  object space 21504K, 26% used [0x00000000bae00000,0x00000000bb3a9d98,0x00000000bc300000)

Card table byte_map: [0x0000000005ef0000,0x0000000006120000] byte_map_base: 0x0000000005919000

Polling page: 0x0000000001260000

Code Cache  [0x0000000002e30000, 0x00000000030a0000, 0x0000000005e30000)
 total_blobs=440 nmethods=203 adapters=189 free_code_cache=48333Kb largest_free_block=49471616

Compilation events (10 events):
Event: 3.130 Thread 0x0000000008ccc000  200             com.android.dx.util.IntList::indexOf (16 bytes)
Event: 3.134 Thread 0x0000000008ccc000 nmethod 200 0x0000000002ed9510 code [0x0000000002ed9660, 0x0000000002ed9818]
Event: 3.134 Thread 0x0000000008ccc000  201             com.android.dx.rop.cst.CstString::compareTo0 (15 bytes)
Event: 3.135 Thread 0x0000000008ccc000 nmethod 201 0x0000000002ed9150 code [0x0000000002ed92a0, 0x0000000002ed9418]
Event: 3.135 Thread 0x0000000008ccc000  202             java.util.AbstractMap::<init> (15 bytes)
Event: 3.136 Thread 0x0000000008ccc000 nmethod 202 0x0000000002efa8d0 code [0x0000000002efaa00, 0x0000000002efaa58]
Event: 3.230 Thread 0x0000000008ccc000  203             com.android.dx.rop.code.RegisterSpecSet::intersect (117 bytes)
Event: 3.247 Thread 0x0000000008ccc000 nmethod 203 0x0000000002efed90 code [0x0000000002efef20, 0x0000000002eff6d8]
Event: 3.249 Thread 0x0000000008ccc000  204             com.android.dx.rop.code.Rop::isCallLike (5 bytes)
Event: 3.249 Thread 0x0000000008ccc000 nmethod 204 0x0000000002efead0 code [0x0000000002efec00, 0x0000000002efec58]

GC Heap History (2 events):
Event: 1.846 GC heap before
{Heap before GC invocations=1 (full 0):
 PSYoungGen      total 18944K, used 16384K [0x00000000eaa80000, 0x00000000ebf80000, 0x0000000100000000)
  eden space 16384K, 100% used [0x00000000eaa80000,0x00000000eba80000,0x00000000eba80000)
  from space 2560K, 0% used [0x00000000ebd00000,0x00000000ebd00000,0x00000000ebf80000)
  to   space 2560K, 0% used [0x00000000eba80000,0x00000000eba80000,0x00000000ebd00000)
 ParOldGen       total 42496K, used 0K [0x00000000c0000000, 0x00000000c2980000, 0x00000000eaa80000)
  object space 42496K, 0% used [0x00000000c0000000,0x00000000c0000000,0x00000000c2980000)
 PSPermGen       total 21504K, used 5662K [0x00000000bae00000, 0x00000000bc300000, 0x00000000c0000000)
  object space 21504K, 26% used [0x00000000bae00000,0x00000000bb387ac8,0x00000000bc300000)
Event: 1.950 GC heap after
Heap after GC invocations=1 (full 0):
 PSYoungGen      total 18944K, used 2538K [0x00000000eaa80000, 0x00000000ebf80000, 0x0000000100000000)
  eden space 16384K, 0% used [0x00000000eaa80000,0x00000000eaa80000,0x00000000eba80000)
  from space 2560K, 99% used [0x00000000eba80000,0x00000000ebcfaaa8,0x00000000ebd00000)
  to   space 2560K, 0% used [0x00000000ebd00000,0x00000000ebd00000,0x00000000ebf80000)
 ParOldGen       total 42496K, used 1917K [0x00000000c0000000, 0x00000000c2980000, 0x00000000eaa80000)
  object space 42496K, 4% used [0x00000000c0000000,0x00000000c01df5c8,0x00000000c2980000)
 PSPermGen       total 21504K, used 5662K [0x00000000bae00000, 0x00000000bc300000, 0x00000000c0000000)
  object space 21504K, 26% used [0x00000000bae00000,0x00000000bb387ac8,0x00000000bc300000)
}

Deoptimization events (3 events):
Event: 1.505 Thread 0x000000000a793800 Uncommon trap: reason=null_check action=make_not_entrant pc=0x0000000002ea9644 method=com.android.dx.rop.code.LocalItem.equals(Ljava/lang/Object;)Z @ 1
Event: 1.515 Thread 0x0000000002d30800 Uncommon trap: reason=null_check action=make_not_entrant pc=0x0000000002ea9644 method=com.android.dx.rop.code.LocalItem.equals(Ljava/lang/Object;)Z @ 1
Event: 1.546 Thread 0x000000000a78c000 Uncommon trap: reason=null_check action=make_not_entrant pc=0x0000000002ea9644 method=com.android.dx.rop.code.LocalItem.equals(Ljava/lang/Object;)Z @ 1

Internal exceptions (10 events):
Event: 1.036 Thread 0x000000000a797000 Threw 0x00000000eb29dcb0 at C:\re\jdk7u79\2331\hotspot\src\share\vm\prims\jvm.cpp:1304
Event: 1.036 Thread 0x000000000a797000 Threw 0x00000000eb2a34f8 at C:\re\jdk7u79\2331\hotspot\src\share\vm\prims\jvm.cpp:1304
Event: 1.038 Thread 0x000000000a796000 Threw 0x00000000eb24fb50 at C:\re\jdk7u79\2331\hotspot\src\share\vm\prims\jvm.cpp:1304
Event: 1.039 Thread 0x000000000a78c000 Threw 0x00000000eb15c808 at C:\re\jdk7u79\2331\hotspot\src\share\vm\prims\jvm.cpp:1304
Event: 1.040 Thread 0x000000000a796000 Threw 0x00000000eb255590 at C:\re\jdk7u79\2331\hotspot\src\share\vm\prims\jvm.cpp:1304
Event: 1.040 Thread 0x000000000a78c000 Threw 0x00000000eb15f608 at C:\re\jdk7u79\2331\hotspot\src\share\vm\prims\jvm.cpp:1304
Event: 1.097 Thread 0x0000000002d30800 Threw 0x00000000eb43af40 at C:\re\jdk7u79\2331\hotspot\src\share\vm\prims\jvm.cpp:1304
Event: 1.379 Thread 0x000000000a78c000 Implicit null exception at 0x0000000002ea92f7 to 0x0000000002ea962d
Event: 1.384 Thread 0x000000000a793800 Implicit null exception at 0x0000000002ea92f7 to 0x0000000002ea962d
Event: 1.384 Thread 0x0000000002d30800 Implicit null exception at 0x0000000002ea92f7 to 0x0000000002ea962d

Events (10 events):
Event: 1.546 Thread 0x000000000a78c000 DEOPT PACKING pc=0x0000000002ea9644 sp=0x000000000ab3e850
Event: 1.547 Thread 0x000000000a78c000 DEOPT UNPACKING pc=0x0000000002e675a4 sp=0x000000000ab3e7a0 mode 2
Event: 1.763 Executing VM operation: ParallelGCFailedAllocation
Event: 1.951 Executing VM operation: ParallelGCFailedAllocation done
Event: 2.708 loading class 0x0000000002da7a70
Event: 2.709 loading class 0x0000000002da7a70 done
Event: 2.709 loading class 0x0000000002da7a40
Event: 2.709 loading class 0x0000000002da7a40 done
Event: 3.231 Thread 0x000000000a793800 Thread exited: 0x000000000a793800
Event: 3.244 Thread 0x000000000a78c000 Thread exited: 0x000000000a78c000


Dynamic libraries:
0x00007ff72f400000 - 0x00007ff72f433000 	C:\Program Files\Java\jdk1.7.0_79\bin\java.exe
0x00007ffb186d0000 - 0x00007ffb1887d000 	C:\Windows\SYSTEM32\ntdll.dll
0x00007ffb17a60000 - 0x00007ffb17b9e000 	C:\Windows\system32\KERNEL32.DLL
0x00007ffb158d0000 - 0x00007ffb159e5000 	C:\Windows\system32\KERNELBASE.dll
0x00007ffb143d0000 - 0x00007ffb1445e000 	C:\Windows\system32\apphelp.dll
0x00007ffb037d0000 - 0x00007ffb03823000 	C:\Windows\AppPatch\AppPatch64\AcGenral.DLL
0x00007ffb17f90000 - 0x00007ffb1803a000 	C:\Windows\system32\msvcrt.dll
0x00007ffb15d30000 - 0x00007ffb15d5e000 	C:\Windows\system32\SspiCli.dll
0x00007ffb17ed0000 - 0x00007ffb17f24000 	C:\Windows\system32\SHLWAPI.dll
0x00007ffb16350000 - 0x00007ffb164c7000 	C:\Windows\system32\USER32.dll
0x00007ffb15d60000 - 0x00007ffb15ef4000 	C:\Windows\system32\ole32.dll
0x00007ffb16530000 - 0x00007ffb17a5a000 	C:\Windows\system32\SHELL32.dll
0x00007ffb150d0000 - 0x00007ffb150f1000 	C:\Windows\SYSTEM32\USERENV.dll
0x00007ffb17be0000 - 0x00007ffb17c8a000 	C:\Windows\system32\ADVAPI32.dll
0x00007ffb0e8a0000 - 0x00007ffb0e8be000 	C:\Windows\SYSTEM32\MPR.dll
0x00007ffb18590000 - 0x00007ffb186d0000 	C:\Windows\system32\RPCRT4.dll
0x00007ffb17f30000 - 0x00007ffb17f89000 	C:\Windows\SYSTEM32\sechost.dll
0x00007ffb18190000 - 0x00007ffb183a1000 	C:\Windows\SYSTEM32\combase.dll
0x00007ffb16200000 - 0x00007ffb1634f000 	C:\Windows\system32\GDI32.dll
0x00007ffb15800000 - 0x00007ffb15815000 	C:\Windows\SYSTEM32\profapi.dll
0x00007ffb13bf0000 - 0x00007ffb13ca2000 	C:\Windows\SYSTEM32\SHCORE.dll
0x00007ffb17ba0000 - 0x00007ffb17bd6000 	C:\Windows\system32\IMM32.DLL
0x00007ffb15f00000 - 0x00007ffb16052000 	C:\Windows\system32\MSCTF.dll
0x00007ffb13010000 - 0x00007ffb1328b000 	C:\Windows\WinSxS\amd64_microsoft.windows.common-controls_6595b64144ccf1df_6.0.9600.18006_none_623f33d3ecbe86e8\COMCTL32.dll
0x0000000067280000 - 0x0000000067352000 	C:\Program Files\Java\jdk1.7.0_79\jre\bin\msvcr100.dll
0x0000000067360000 - 0x0000000067b35000 	C:\Program Files\Java\jdk1.7.0_79\jre\bin\server\jvm.dll
0x00007ffb13860000 - 0x00007ffb13869000 	C:\Windows\SYSTEM32\WSOCK32.dll
0x00007ffb0e740000 - 0x00007ffb0e762000 	C:\Windows\SYSTEM32\WINMM.dll
0x00007ffb16060000 - 0x00007ffb16067000 	C:\Windows\system32\PSAPI.DLL
0x00007ffb164d0000 - 0x00007ffb1652a000 	C:\Windows\system32\WS2_32.dll
0x00007ffb0e710000 - 0x00007ffb0e73a000 	C:\Windows\SYSTEM32\WINMMBASE.dll
0x00007ffb18580000 - 0x00007ffb18589000 	C:\Windows\system32\NSI.dll
0x00007ffb15ce0000 - 0x00007ffb15d2f000 	C:\Windows\SYSTEM32\cfgmgr32.dll
0x00007ffb14620000 - 0x00007ffb14648000 	C:\Windows\SYSTEM32\DEVOBJ.dll
0x0000000067270000 - 0x000000006727f000 	C:\Program Files\Java\jdk1.7.0_79\jre\bin\verify.dll
0x0000000067240000 - 0x0000000067268000 	C:\Program Files\Java\jdk1.7.0_79\jre\bin\java.dll
0x0000000067220000 - 0x0000000067235000 	C:\Program Files\Java\jdk1.7.0_79\jre\bin\zip.dll
0x0000000067200000 - 0x000000006721a000 	C:\Program Files\Java\jdk1.7.0_79\jre\bin\net.dll
0x00007ffb15170000 - 0x00007ffb151c9000 	C:\Windows\system32\mswsock.dll
0x00000000671e0000 - 0x00000000671f1000 	C:\Program Files\Java\jdk1.7.0_79\jre\bin\nio.dll

VM Arguments:
jvm_args: -Djava.awt.headless=true -Xmx1024M -Dfile.encoding=windows-1252 -Duser.country=US -Duser.language=en -Duser.variant 
java_command: com.android.dx.command.Main --dex --num-threads=4 --output C:\Users\RVN-TECH\Downloads\the_city_mainfile\android_project\The City\app\build\intermediates\pre-dexed\debug\bolts-android-1.1.4_58ee86a5bea65168cf7c7830a876bec48df39393.jar C:\Users\RVN-TECH\.gradle\caches\modules-2\files-2.1\com.parse.bolts\bolts-android\1.1.4\129874135e6081269ace2312092031558865de12\bolts-android-1.1.4.jar
Launcher Type: SUN_STANDARD

Environment Variables:
PATH=C:\Windows\system32;C:\Windows;C:\Windows\System32\Wbem;C:\Windows\System32\WindowsPowerShell\v1.0\;C:\Program Files\nodejs\;C:\Program Files\Git\cmd;C:\Program Files (x86)\Heroku\bin;C:\Program Files (x86)\git\cmd;C:\Program Files (x86)\Git\cmd;C:\Users\RVN-TECH\AppData\Roaming\npm;C:\Android\android-sdk\platforms;C:\Android\android-sdk\platformtools;
USERNAME=RVN-TECH
OS=Windows_NT
PROCESSOR_IDENTIFIER=Intel64 Family 6 Model 58 Stepping 9, GenuineIntel



---------------  S Y S T E M  ---------------

OS: Windows 8.1 , 64 bit Build 9600 

CPU:total 4 (2 cores per cpu, 2 threads per core) family 6 model 58 stepping 9, cmov, cx8, fxsr, mmx, sse, sse2, sse3, ssse3, sse4.1, sse4.2, popcnt, avx, erms, ht, tsc, tscinvbit, tscinv

Memory: 4k page, physical 4094312k(366444k free), swap 7240040k(5192k free)

vm_info: Java HotSpot(TM) 64-Bit Server VM (24.79-b02) for windows-amd64 JRE (1.7.0_79-b15), built on Apr 10 2015 12:36:16 by "java_re" with unknown MS VC++:1600

time: Tue Aug 02 16:01:59 2016
elapsed time: 3 seconds

