#
# There is insufficient memory for the Java Runtime Environment to continue.
# Native memory allocation (malloc) failed to allocate 262160 bytes for Chunk::new
# Possible reasons:
#   The system is out of physical RAM or swap space
#   In 32 bit mode, the process size limit was hit
# Possible solutions:
#   Reduce memory load on the system
#   Increase physical memory or swap space
#   Check if swap backing store is full
#   Use 64 bit Java on a 64 bit OS
#   Decrease Java heap size (-Xmx/-Xms)
#   Decrease number of Java threads
#   Decrease Java thread stack sizes (-Xss)
#   Set larger code cache with -XX:ReservedCodeCacheSize=
# This output file may be truncated or incomplete.
#
#  Out of Memory Error (allocation.cpp:323), pid=240, tid=5616
#
# JRE version: Java(TM) SE Runtime Environment (7.0_79-b15) (build 1.7.0_79-b15)
# Java VM: Java HotSpot(TM) 64-Bit Server VM (24.79-b02 mixed mode windows-amd64 compressed oops)
# Failed to write core dump. Minidumps are not enabled by default on client versions of Windows
#

---------------  T H R E A D  ---------------

Current thread (0x0000000008a1c000):  JavaThread "C2 CompilerThread0" daemon [_thread_in_native, id=5616, stack(0x0000000009f90000,0x000000000a090000)]

Stack: [0x0000000009f90000,0x000000000a090000]

Current CompileTask:
C2:   3390  230             com.android.dx.ssa.SCCP::run (298 bytes)


---------------  P R O C E S S  ---------------

Java Threads: ( => current thread )
  0x000000000a6b3800 JavaThread "pool-1-thread-4" [_thread_in_Java, id=4728, stack(0x000000000ab90000,0x000000000ac90000)]
  0x000000000a60c000 JavaThread "pool-1-thread-3" [_thread_in_vm, id=4088, stack(0x000000000aa90000,0x000000000ab90000)]
  0x000000000a60b800 JavaThread "pool-1-thread-2" [_thread_in_vm, id=6164, stack(0x000000000a990000,0x000000000aa90000)]
  0x000000000a610800 JavaThread "pool-2-thread-1" [_thread_blocked, id=6388, stack(0x000000000a890000,0x000000000a990000)]
  0x000000000a3fd800 JavaThread "pool-1-thread-1" [_thread_in_Java, id=7956, stack(0x000000000a790000,0x000000000a890000)]
  0x0000000008a24000 JavaThread "Service Thread" daemon [_thread_blocked, id=6836, stack(0x000000000a190000,0x000000000a290000)]
  0x0000000008a1e000 JavaThread "C2 CompilerThread1" daemon [_thread_in_native, id=7052, stack(0x000000000a090000,0x000000000a190000)]
=>0x0000000008a1c000 JavaThread "C2 CompilerThread0" daemon [_thread_in_native, id=5616, stack(0x0000000009f90000,0x000000000a090000)]
  0x0000000008a1b000 JavaThread "Attach Listener" daemon [_thread_blocked, id=6256, stack(0x0000000009e90000,0x0000000009f90000)]
  0x0000000008a18000 JavaThread "Signal Dispatcher" daemon [_thread_blocked, id=6408, stack(0x0000000009d90000,0x0000000009e90000)]
  0x00000000089df000 JavaThread "Finalizer" daemon [_thread_blocked, id=3860, stack(0x0000000009c90000,0x0000000009d90000)]
  0x00000000089d5800 JavaThread "Reference Handler" daemon [_thread_blocked, id=4536, stack(0x0000000009b90000,0x0000000009c90000)]
  0x0000000002b40800 JavaThread "main" [_thread_in_Java, id=8028, stack(0x00000000029b0000,0x0000000002ab0000)]

Other Threads:
  0x00000000089d0800 VMThread [stack: 0x0000000009a90000,0x0000000009b90000] [id=4416]
  0x0000000008a32800 WatcherThread [stack: 0x000000000a290000,0x000000000a390000] [id=6712]

VM state:not at safepoint (normal execution)

VM Mutex/Monitor currently owned by a thread: None

Heap
 PSYoungGen      total 35328K, used 6086K [0x00000000eaa80000, 0x00000000ecf80000, 0x0000000100000000)
  eden space 32768K, 10% used [0x00000000eaa80000,0x00000000eadf3090,0x00000000eca80000)
  from space 2560K, 99% used [0x00000000ecd00000,0x00000000ecf7e8e8,0x00000000ecf80000)
  to   space 2560K, 0% used [0x00000000eca80000,0x00000000eca80000,0x00000000ecd00000)
 ParOldGen       total 42496K, used 3254K [0x00000000c0000000, 0x00000000c2980000, 0x00000000eaa80000)
  object space 42496K, 7% used [0x00000000c0000000,0x00000000c032da58,0x00000000c2980000)
 PSPermGen       total 21504K, used 5847K [0x00000000bae00000, 0x00000000bc300000, 0x00000000c0000000)
  object space 21504K, 27% used [0x00000000bae00000,0x00000000bb3b5c08,0x00000000bc300000)

Card table byte_map: [0x0000000005c40000,0x0000000005e70000] byte_map_base: 0x0000000005669000

Polling page: 0x0000000001310000

Code Cache  [0x0000000002c40000, 0x0000000002eb0000, 0x0000000005c40000)
 total_blobs=468 nmethods=231 adapters=189 free_code_cache=48260Kb largest_free_block=49384896

Compilation events (10 events):
Event: 2.913 Thread 0x0000000008a1e000 nmethod 225 0x0000000002d18790 code [0x0000000002d188c0, 0x0000000002d18918]
Event: 2.913 Thread 0x0000000008a1e000  226             com.android.dx.util.ByteArray$MyInputStream::read (40 bytes)
Event: 2.915 Thread 0x0000000008a1e000 nmethod 226 0x0000000002d1c110 code [0x0000000002d1c240, 0x0000000002d1c2f8]
Event: 2.915 Thread 0x0000000008a1e000  227             com.android.dx.util.ByteArray::access$100 (6 bytes)
Event: 2.916 Thread 0x0000000008a1e000 nmethod 227 0x0000000002d184d0 code [0x0000000002d18600, 0x0000000002d18698]
Event: 2.916 Thread 0x0000000008a1e000  228             com.android.dx.rop.code.LocalVariableExtractor::processBlock (327 bytes)
Event: 3.332 Thread 0x0000000008a1c000 nmethod 224 0x0000000002d1e990 code [0x0000000002d1eb80, 0x0000000002d1f9e0]
Event: 3.332 Thread 0x0000000008a1c000  229             com.android.dx.ssa.SsaBasicBlock::forEachPhiInsn (54 bytes)
Event: 3.343 Thread 0x0000000008a1c000 nmethod 229 0x0000000002d1a5d0 code [0x0000000002d1a760, 0x0000000002d1ab28]
Event: 3.343 Thread 0x0000000008a1c000  230             com.android.dx.ssa.SCCP::run (298 bytes)

GC Heap History (4 events):
Event: 1.306 GC heap before
{Heap before GC invocations=1 (full 0):
 PSYoungGen      total 18944K, used 16384K [0x00000000eaa80000, 0x00000000ebf80000, 0x0000000100000000)
  eden space 16384K, 100% used [0x00000000eaa80000,0x00000000eba80000,0x00000000eba80000)
  from space 2560K, 0% used [0x00000000ebd00000,0x00000000ebd00000,0x00000000ebf80000)
  to   space 2560K, 0% used [0x00000000eba80000,0x00000000eba80000,0x00000000ebd00000)
 ParOldGen       total 42496K, used 0K [0x00000000c0000000, 0x00000000c2980000, 0x00000000eaa80000)
  object space 42496K, 0% used [0x00000000c0000000,0x00000000c0000000,0x00000000c2980000)
 PSPermGen       total 21504K, used 5612K [0x00000000bae00000, 0x00000000bc300000, 0x00000000c0000000)
  object space 21504K, 26% used [0x00000000bae00000,0x00000000bb37b318,0x00000000bc300000)
Event: 1.387 GC heap after
Heap after GC invocations=1 (full 0):
 PSYoungGen      total 18944K, used 2554K [0x00000000eaa80000, 0x00000000ecf80000, 0x0000000100000000)
  eden space 16384K, 0% used [0x00000000eaa80000,0x00000000eaa80000,0x00000000eba80000)
  from space 2560K, 99% used [0x00000000eba80000,0x00000000ebcfeab8,0x00000000ebd00000)
  to   space 2560K, 0% used [0x00000000ecd00000,0x00000000ecd00000,0x00000000ecf80000)
 ParOldGen       total 42496K, used 913K [0x00000000c0000000, 0x00000000c2980000, 0x00000000eaa80000)
  object space 42496K, 2% used [0x00000000c0000000,0x00000000c00e45e0,0x00000000c2980000)
 PSPermGen       total 21504K, used 5612K [0x00000000bae00000, 0x00000000bc300000, 0x00000000c0000000)
  object space 21504K, 26% used [0x00000000bae00000,0x00000000bb37b318,0x00000000bc300000)
}
Event: 2.954 GC heap before
{Heap before GC invocations=2 (full 0):
 PSYoungGen      total 18944K, used 18938K [0x00000000eaa80000, 0x00000000ecf80000, 0x0000000100000000)
  eden space 16384K, 100% used [0x00000000eaa80000,0x00000000eba80000,0x00000000eba80000)
  from space 2560K, 99% used [0x00000000eba80000,0x00000000ebcfeab8,0x00000000ebd00000)
  to   space 2560K, 0% used [0x00000000ecd00000,0x00000000ecd00000,0x00000000ecf80000)
 ParOldGen       total 42496K, used 913K [0x00000000c0000000, 0x00000000c2980000, 0x00000000eaa80000)
  object space 42496K, 2% used [0x00000000c0000000,0x00000000c00e45e0,0x00000000c2980000)
 PSPermGen       total 21504K, used 5833K [0x00000000bae00000, 0x00000000bc300000, 0x00000000c0000000)
  object space 21504K, 27% used [0x00000000bae00000,0x00000000bb3b24a0,0x00000000bc300000)
Event: 3.249 GC heap after
Heap after GC invocations=2 (full 0):
 PSYoungGen      total 35328K, used 2554K [0x00000000eaa80000, 0x00000000ecf80000, 0x0000000100000000)
  eden space 32768K, 0% used [0x00000000eaa80000,0x00000000eaa80000,0x00000000eca80000)
  from space 2560K, 99% used [0x00000000ecd00000,0x00000000ecf7e8e8,0x00000000ecf80000)
  to   space 2560K, 0% used [0x00000000eca80000,0x00000000eca80000,0x00000000ecd00000)
 ParOldGen       total 42496K, used 3254K [0x00000000c0000000, 0x00000000c2980000, 0x00000000eaa80000)
  object space 42496K, 7% used [0x00000000c0000000,0x00000000c032da58,0x00000000c2980000)
 PSPermGen       total 21504K, used 5833K [0x00000000bae00000, 0x00000000bc300000, 0x00000000c0000000)
  object space 21504K, 27% used [0x00000000bae00000,0x00000000bb3b24a0,0x00000000bc300000)
}

Deoptimization events (9 events):
Event: 1.466 Thread 0x000000000a60b800 Uncommon trap: reason=null_check action=make_not_entrant pc=0x0000000002cc5478 method=com.android.dx.rop.code.LocalItem.equals(Ljava/lang/Object;)Z @ 1
Event: 1.664 Thread 0x000000000a3fd800 Uncommon trap: reason=class_check action=maybe_recompile pc=0x0000000002cbd118 method=com.android.dx.ssa.NormalSsaInsn.accept(Lcom/android/dx/ssa/SsaInsn$Visitor;)V @ 9
Event: 1.868 Thread 0x000000000a60c000 Uncommon trap: reason=class_check action=maybe_recompile pc=0x0000000002cd2270 method=com.android.dx.ssa.NormalSsaInsn.accept(Lcom/android/dx/ssa/SsaInsn$Visitor;)V @ 9
Event: 1.868 Thread 0x000000000a60c000 Uncommon trap: reason=class_check action=maybe_recompile pc=0x0000000002cd2270 method=com.android.dx.ssa.NormalSsaInsn.accept(Lcom/android/dx/ssa/SsaInsn$Visitor;)V @ 9
Event: 1.868 Thread 0x000000000a60c000 Uncommon trap: reason=class_check action=maybe_recompile pc=0x0000000002cd2270 method=com.android.dx.ssa.NormalSsaInsn.accept(Lcom/android/dx/ssa/SsaInsn$Visitor;)V @ 9
Event: 1.869 Thread 0x000000000a60c000 Uncommon trap: reason=class_check action=maybe_recompile pc=0x0000000002cbd118 method=com.android.dx.ssa.NormalSsaInsn.accept(Lcom/android/dx/ssa/SsaInsn$Visitor;)V @ 9
Event: 3.256 Thread 0x000000000a60b800 Uncommon trap: reason=null_check action=make_not_entrant pc=0x0000000002ce2a5c method=com.android.dx.ssa.SsaRenamer.getLocalForNewReg(I)Lcom/android/dx/rop/code/LocalItem; @ 19
Event: 3.257 Thread 0x000000000a60b800 Uncommon trap: reason=null_check action=make_not_entrant pc=0x0000000002cea7d0 method=com.android.dx.ssa.SsaRenamer.getLocalForNewReg(I)Lcom/android/dx/rop/code/LocalItem; @ 19
Event: 3.276 Thread 0x000000000a60b800 Uncommon trap: reason=unreached action=reinterpret pc=0x0000000002d07750 method=com.android.dx.ssa.LocalVariableExtractor.processBlock(I)V @ 251

Internal exceptions (10 events):
Event: 1.102 Thread 0x000000000a60b800 Threw 0x00000000eb6902f8 at C:\re\jdk7u79\2331\hotspot\src\share\vm\prims\jvm.cpp:1304
Event: 1.104 Thread 0x000000000a3fd800 Threw 0x00000000eb8068d0 at C:\re\jdk7u79\2331\hotspot\src\share\vm\prims\jvm.cpp:1304
Event: 1.105 Thread 0x000000000a60b800 Threw 0x00000000eb697898 at C:\re\jdk7u79\2331\hotspot\src\share\vm\prims\jvm.cpp:1304
Event: 1.105 Thread 0x000000000a3fd800 Threw 0x00000000eb80b7e8 at C:\re\jdk7u79\2331\hotspot\src\share\vm\prims\jvm.cpp:1304
Event: 1.106 Thread 0x000000000a3fd800 Threw 0x00000000eb811068 at C:\re\jdk7u79\2331\hotspot\src\share\vm\prims\jvm.cpp:1304
Event: 1.107 Thread 0x000000000a3fd800 Threw 0x00000000eb8165c0 at C:\re\jdk7u79\2331\hotspot\src\share\vm\prims\jvm.cpp:1304
Event: 1.466 Thread 0x000000000a60b800 Implicit null exception at 0x0000000002cc5106 to 0x0000000002cc5465
Event: 1.822 Thread 0x0000000002b40800 Threw 0x00000000eae84318 at C:\re\jdk7u79\2331\hotspot\src\share\vm\prims\jvm.cpp:1304
Event: 3.256 Thread 0x000000000a60b800 Implicit null exception at 0x0000000002ce1443 to 0x0000000002ce2a31
Event: 3.257 Thread 0x000000000a60b800 Implicit null exception at 0x0000000002ce9dce to 0x0000000002cea7b5

Events (10 events):
Event: 3.249 Executing VM operation: ParallelGCFailedAllocation done
Event: 3.256 Thread 0x000000000a60b800 Uncommon trap: trap_request=0xfffffff4 fr.pc=0x0000000002ce2a5c
Event: 3.256 Thread 0x000000000a60b800 DEOPT PACKING pc=0x0000000002ce2a5c sp=0x000000000aa8e6a0
Event: 3.256 Thread 0x000000000a60b800 DEOPT UNPACKING pc=0x0000000002c775a4 sp=0x000000000aa8e4c8 mode 2
Event: 3.257 Thread 0x000000000a60b800 Uncommon trap: trap_request=0xfffffff4 fr.pc=0x0000000002cea7d0
Event: 3.257 Thread 0x000000000a60b800 DEOPT PACKING pc=0x0000000002cea7d0 sp=0x000000000aa8e650
Event: 3.257 Thread 0x000000000a60b800 DEOPT UNPACKING pc=0x0000000002c775a4 sp=0x000000000aa8e4b8 mode 2
Event: 3.276 Thread 0x000000000a60b800 Uncommon trap: trap_request=0xffffffad fr.pc=0x0000000002d07750
Event: 3.276 Thread 0x000000000a60b800 DEOPT PACKING pc=0x0000000002d07750 sp=0x000000000aa8e7d0
Event: 3.276 Thread 0x000000000a60b800 DEOPT UNPACKING pc=0x0000000002c775a4 sp=0x000000000aa8e750 mode 2


Dynamic libraries:
0x00007ff72f400000 - 0x00007ff72f433000 	C:\Program Files\Java\jdk1.7.0_79\bin\java.exe
0x00007ffb186d0000 - 0x00007ffb1887d000 	C:\Windows\SYSTEM32\ntdll.dll
0x00007ffb17a60000 - 0x00007ffb17b9e000 	C:\Windows\system32\KERNEL32.DLL
0x00007ffb158d0000 - 0x00007ffb159e5000 	C:\Windows\system32\KERNELBASE.dll
0x00007ffb143d0000 - 0x00007ffb1445e000 	C:\Windows\system32\apphelp.dll
0x00007ffb037d0000 - 0x00007ffb03823000 	C:\Windows\AppPatch\AppPatch64\AcGenral.DLL
0x00007ffb17f90000 - 0x00007ffb1803a000 	C:\Windows\system32\msvcrt.dll
0x00007ffb15d30000 - 0x00007ffb15d5e000 	C:\Windows\system32\SspiCli.dll
0x00007ffb17ed0000 - 0x00007ffb17f24000 	C:\Windows\system32\SHLWAPI.dll
0x00007ffb16350000 - 0x00007ffb164c7000 	C:\Windows\system32\USER32.dll
0x00007ffb15d60000 - 0x00007ffb15ef4000 	C:\Windows\system32\ole32.dll
0x00007ffb16530000 - 0x00007ffb17a5a000 	C:\Windows\system32\SHELL32.dll
0x00007ffb150d0000 - 0x00007ffb150f1000 	C:\Windows\SYSTEM32\USERENV.dll
0x00007ffb17be0000 - 0x00007ffb17c8a000 	C:\Windows\system32\ADVAPI32.dll
0x00007ffb0e8a0000 - 0x00007ffb0e8be000 	C:\Windows\SYSTEM32\MPR.dll
0x00007ffb18590000 - 0x00007ffb186d0000 	C:\Windows\system32\RPCRT4.dll
0x00007ffb17f30000 - 0x00007ffb17f89000 	C:\Windows\SYSTEM32\sechost.dll
0x00007ffb18190000 - 0x00007ffb183a1000 	C:\Windows\SYSTEM32\combase.dll
0x00007ffb16200000 - 0x00007ffb1634f000 	C:\Windows\system32\GDI32.dll
0x00007ffb15800000 - 0x00007ffb15815000 	C:\Windows\SYSTEM32\profapi.dll
0x00007ffb13bf0000 - 0x00007ffb13ca2000 	C:\Windows\SYSTEM32\SHCORE.dll
0x00007ffb17ba0000 - 0x00007ffb17bd6000 	C:\Windows\system32\IMM32.DLL
0x00007ffb15f00000 - 0x00007ffb16052000 	C:\Windows\system32\MSCTF.dll
0x00007ffb13010000 - 0x00007ffb1328b000 	C:\Windows\WinSxS\amd64_microsoft.windows.common-controls_6595b64144ccf1df_6.0.9600.18006_none_623f33d3ecbe86e8\COMCTL32.dll
0x0000000067280000 - 0x0000000067352000 	C:\Program Files\Java\jdk1.7.0_79\jre\bin\msvcr100.dll
0x0000000067360000 - 0x0000000067b35000 	C:\Program Files\Java\jdk1.7.0_79\jre\bin\server\jvm.dll
0x00007ffb13860000 - 0x00007ffb13869000 	C:\Windows\SYSTEM32\WSOCK32.dll
0x00007ffb0e740000 - 0x00007ffb0e762000 	C:\Windows\SYSTEM32\WINMM.dll
0x00007ffb16060000 - 0x00007ffb16067000 	C:\Windows\system32\PSAPI.DLL
0x00007ffb164d0000 - 0x00007ffb1652a000 	C:\Windows\system32\WS2_32.dll
0x00007ffb0e710000 - 0x00007ffb0e73a000 	C:\Windows\SYSTEM32\WINMMBASE.dll
0x00007ffb18580000 - 0x00007ffb18589000 	C:\Windows\system32\NSI.dll
0x00007ffb15ce0000 - 0x00007ffb15d2f000 	C:\Windows\SYSTEM32\cfgmgr32.dll
0x00007ffb14620000 - 0x00007ffb14648000 	C:\Windows\SYSTEM32\DEVOBJ.dll
0x0000000067270000 - 0x000000006727f000 	C:\Program Files\Java\jdk1.7.0_79\jre\bin\verify.dll
0x0000000067240000 - 0x0000000067268000 	C:\Program Files\Java\jdk1.7.0_79\jre\bin\java.dll
0x0000000067220000 - 0x0000000067235000 	C:\Program Files\Java\jdk1.7.0_79\jre\bin\zip.dll
0x0000000067200000 - 0x000000006721a000 	C:\Program Files\Java\jdk1.7.0_79\jre\bin\net.dll
0x00007ffb15170000 - 0x00007ffb151c9000 	C:\Windows\system32\mswsock.dll
0x00000000671e0000 - 0x00000000671f1000 	C:\Program Files\Java\jdk1.7.0_79\jre\bin\nio.dll

VM Arguments:
jvm_args: -Djava.awt.headless=true -Xmx1024M -Dfile.encoding=windows-1252 -Duser.country=US -Duser.language=en -Duser.variant 
java_command: com.android.dx.command.Main --dex --num-threads=4 --output C:\Users\RVN-TECH\Downloads\the_city_mainfile\android_project\The City\app\build\intermediates\pre-dexed\debug\com.facebook.android-facebook-android-sdk-4.0.0_f97fc41501e959df0bf85b1220ffe5a0e4ff9943.jar C:\Users\RVN-TECH\Downloads\the_city_mainfile\android_project\The City\app\build\intermediates\exploded-aar\com.facebook.android\facebook-android-sdk\4.0.0\jars\classes.jar
Launcher Type: SUN_STANDARD

Environment Variables:
PATH=C:\Windows\system32;C:\Windows;C:\Windows\System32\Wbem;C:\Windows\System32\WindowsPowerShell\v1.0\;C:\Program Files\nodejs\;C:\Program Files\Git\cmd;C:\Program Files (x86)\Heroku\bin;C:\Program Files (x86)\git\cmd;C:\Program Files (x86)\Git\cmd;C:\Users\RVN-TECH\AppData\Roaming\npm;C:\Android\android-sdk\platforms;C:\Android\android-sdk\platformtools;
USERNAME=RVN-TECH
OS=Windows_NT
PROCESSOR_IDENTIFIER=Intel64 Family 6 Model 58 Stepping 9, GenuineIntel



---------------  S Y S T E M  ---------------

OS: Windows 8.1 , 64 bit Build 9600 

CPU:total 4 (2 cores per cpu, 2 threads per core) family 6 model 58 stepping 9, cmov, cx8, fxsr, mmx, sse, sse2, sse3, ssse3, sse4.1, sse4.2, popcnt, avx, erms, ht, tsc, tscinvbit, tscinv

Memory: 4k page, physical 4094312k(366040k free), swap 7240040k(5292k free)

vm_info: Java HotSpot(TM) 64-Bit Server VM (24.79-b02) for windows-amd64 JRE (1.7.0_79-b15), built on Apr 10 2015 12:36:16 by "java_re" with unknown MS VC++:1600

time: Tue Aug 02 16:01:59 2016
elapsed time: 3 seconds

