#
# There is insufficient memory for the Java Runtime Environment to continue.
# Native memory allocation (malloc) failed to allocate 548656 bytes for Chunk::new
# Possible reasons:
#   The system is out of physical RAM or swap space
#   In 32 bit mode, the process size limit was hit
# Possible solutions:
#   Reduce memory load on the system
#   Increase physical memory or swap space
#   Check if swap backing store is full
#   Use 64 bit Java on a 64 bit OS
#   Decrease Java heap size (-Xmx/-Xms)
#   Decrease number of Java threads
#   Decrease Java thread stack sizes (-Xss)
#   Set larger code cache with -XX:ReservedCodeCacheSize=
# This output file may be truncated or incomplete.
#
#  Out of Memory Error (allocation.cpp:323), pid=4784, tid=2116
#
# JRE version: Java(TM) SE Runtime Environment (7.0_79-b15) (build 1.7.0_79-b15)
# Java VM: Java HotSpot(TM) 64-Bit Server VM (24.79-b02 mixed mode windows-amd64 compressed oops)
# Failed to write core dump. Minidumps are not enabled by default on client versions of Windows
#

---------------  T H R E A D  ---------------

Current thread (0x00000000086ae800):  JavaThread "C2 CompilerThread1" daemon [_thread_in_native, id=2116, stack(0x0000000009d10000,0x0000000009e10000)]

Stack: [0x0000000009d10000,0x0000000009e10000]

Current CompileTask:
C2:   3498  211             com.android.dx.ssa.SCCP::run (298 bytes)


---------------  P R O C E S S  ---------------

Java Threads: ( => current thread )
  0x000000000a245000 JavaThread "pool-1-thread-4" [_thread_blocked, id=3812, stack(0x000000000a810000,0x000000000a910000)]
  0x000000000a1d7000 JavaThread "pool-1-thread-3" [_thread_in_Java, id=3648, stack(0x000000000a710000,0x000000000a810000)]
  0x000000000a266800 JavaThread "pool-1-thread-2" [_thread_in_Java, id=4100, stack(0x000000000a610000,0x000000000a710000)]
  0x000000000a1f8800 JavaThread "pool-2-thread-1" [_thread_blocked, id=284, stack(0x000000000a510000,0x000000000a610000)]
  0x000000000a0a7000 JavaThread "pool-1-thread-1" [_thread_in_Java, id=4648, stack(0x000000000a410000,0x000000000a510000)]
  0x00000000086b1800 JavaThread "Service Thread" daemon [_thread_blocked, id=1080, stack(0x0000000009e10000,0x0000000009f10000)]
=>0x00000000086ae800 JavaThread "C2 CompilerThread1" daemon [_thread_in_native, id=2116, stack(0x0000000009d10000,0x0000000009e10000)]
  0x00000000086ac800 JavaThread "C2 CompilerThread0" daemon [_thread_in_native, id=6036, stack(0x0000000009c10000,0x0000000009d10000)]
  0x00000000086ab800 JavaThread "Attach Listener" daemon [_thread_blocked, id=4424, stack(0x0000000009b10000,0x0000000009c10000)]
  0x00000000086a8800 JavaThread "Signal Dispatcher" daemon [_thread_blocked, id=5396, stack(0x0000000009a10000,0x0000000009b10000)]
  0x000000000866e800 JavaThread "Finalizer" daemon [_thread_blocked, id=872, stack(0x0000000009910000,0x0000000009a10000)]
  0x0000000008665800 JavaThread "Reference Handler" daemon [_thread_blocked, id=2996, stack(0x0000000009810000,0x0000000009910000)]
  0x0000000002670800 JavaThread "main" [_thread_in_Java, id=1656, stack(0x0000000000e10000,0x0000000000f10000)]

Other Threads:
  0x0000000008660800 VMThread [stack: 0x0000000009710000,0x0000000009810000] [id=6128]
  0x00000000086c3800 WatcherThread [stack: 0x0000000009f10000,0x000000000a010000] [id=6344]

VM state:not at safepoint (normal execution)

VM Mutex/Monitor currently owned by a thread: None

Heap
 PSYoungGen      total 18944K, used 15415K [0x00000000eaa80000, 0x00000000ebf80000, 0x0000000100000000)
  eden space 16384K, 78% used [0x00000000eaa80000,0x00000000eb714238,0x00000000eba80000)
  from space 2560K, 99% used [0x00000000eba80000,0x00000000ebcf9c68,0x00000000ebd00000)
  to   space 2560K, 0% used [0x00000000ebd00000,0x00000000ebd00000,0x00000000ebf80000)
 ParOldGen       total 42496K, used 1520K [0x00000000c0000000, 0x00000000c2980000, 0x00000000eaa80000)
  object space 42496K, 3% used [0x00000000c0000000,0x00000000c017c060,0x00000000c2980000)
 PSPermGen       total 21504K, used 5795K [0x00000000bae00000, 0x00000000bc300000, 0x00000000c0000000)
  object space 21504K, 26% used [0x00000000bae00000,0x00000000bb3a8eb0,0x00000000bc300000)

Card table byte_map: [0x00000000058d0000,0x0000000005b00000] byte_map_base: 0x00000000052f9000

Polling page: 0x0000000000c50000

Code Cache  [0x0000000002810000, 0x0000000002a80000, 0x0000000005810000)
 total_blobs=447 nmethods=210 adapters=189 free_code_cache=48311Kb largest_free_block=49456576

Compilation events (10 events):
Event: 3.460 Thread 0x00000000086ac800 nmethod 206 0x0000000002883510 code [0x0000000002883660, 0x0000000002883798]
Event: 3.460 Thread 0x00000000086ac800  207             com.android.dx.util.IntList::indexOf (16 bytes)
Event: 3.464 Thread 0x00000000086ae800 nmethod 205 0x00000000028d8410 code [0x00000000028d8560, 0x00000000028d8848]
Event: 3.464 Thread 0x00000000086ae800  208             java.util.TreeMap::getEntry (84 bytes)
Event: 3.465 Thread 0x00000000086ac800 nmethod 207 0x0000000002883050 code [0x00000000028831a0, 0x0000000002883358]
Event: 3.467 Thread 0x00000000086ae800 nmethod 208 0x00000000028d8050 code [0x00000000028d81a0, 0x00000000028d82d8]
Event: 3.467 Thread 0x00000000086ac800  209   !         com.android.dx.util.IntList::set (53 bytes)
Event: 3.469 Thread 0x00000000086ac800 nmethod 209 0x00000000028d7d10 code [0x00000000028d7e60, 0x00000000028d7f38]
Event: 3.474 Thread 0x00000000086ae800  211             com.android.dx.ssa.SCCP::run (298 bytes)
Event: 3.482 Thread 0x00000000086ac800  212             com.android.dx.rop.code.LocalVariableExtractor::processBlock (327 bytes)

GC Heap History (2 events):
Event: 1.869 GC heap before
{Heap before GC invocations=1 (full 0):
 PSYoungGen      total 18944K, used 16384K [0x00000000eaa80000, 0x00000000ebf80000, 0x0000000100000000)
  eden space 16384K, 100% used [0x00000000eaa80000,0x00000000eba80000,0x00000000eba80000)
  from space 2560K, 0% used [0x00000000ebd00000,0x00000000ebd00000,0x00000000ebf80000)
  to   space 2560K, 0% used [0x00000000eba80000,0x00000000eba80000,0x00000000ebd00000)
 ParOldGen       total 42496K, used 0K [0x00000000c0000000, 0x00000000c2980000, 0x00000000eaa80000)
  object space 42496K, 0% used [0x00000000c0000000,0x00000000c0000000,0x00000000c2980000)
 PSPermGen       total 21504K, used 5633K [0x00000000bae00000, 0x00000000bc300000, 0x00000000c0000000)
  object space 21504K, 26% used [0x00000000bae00000,0x00000000bb380790,0x00000000bc300000)
Event: 2.071 GC heap after
Heap after GC invocations=1 (full 0):
 PSYoungGen      total 18944K, used 2535K [0x00000000eaa80000, 0x00000000ebf80000, 0x0000000100000000)
  eden space 16384K, 0% used [0x00000000eaa80000,0x00000000eaa80000,0x00000000eba80000)
  from space 2560K, 99% used [0x00000000eba80000,0x00000000ebcf9c68,0x00000000ebd00000)
  to   space 2560K, 0% used [0x00000000ebd00000,0x00000000ebd00000,0x00000000ebf80000)
 ParOldGen       total 42496K, used 1520K [0x00000000c0000000, 0x00000000c2980000, 0x00000000eaa80000)
  object space 42496K, 3% used [0x00000000c0000000,0x00000000c017c060,0x00000000c2980000)
 PSPermGen       total 21504K, used 5633K [0x00000000bae00000, 0x00000000bc300000, 0x00000000c0000000)
  object space 21504K, 26% used [0x00000000bae00000,0x00000000bb380790,0x00000000bc300000)
}

Deoptimization events (4 events):
Event: 1.363 Thread 0x000000000a266800 Uncommon trap: reason=class_check action=maybe_recompile pc=0x0000000002888934 method=com.android.dx.ssa.NormalSsaInsn.accept(Lcom/android/dx/ssa/SsaInsn$Visitor;)V @ 9
Event: 2.183 Thread 0x000000000a1d7000 Uncommon trap: reason=null_check action=make_not_entrant pc=0x000000000289ad2c method=com.android.dx.rop.code.LocalItem.equals(Ljava/lang/Object;)Z @ 1
Event: 3.168 Thread 0x000000000a245000 Uncommon trap: reason=null_check action=make_not_entrant pc=0x00000000028cbed8 method=com.android.dx.rop.code.RegisterSpec.equals(Ljava/lang/Object;)Z @ 1
Event: 3.178 Thread 0x000000000a266800 Uncommon trap: reason=null_check action=make_not_entrant pc=0x00000000028cbed8 method=com.android.dx.rop.code.RegisterSpec.equals(Ljava/lang/Object;)Z @ 1

Internal exceptions (10 events):
Event: 1.339 Thread 0x000000000a0a7000 Threw 0x00000000eb5d3850 at C:\re\jdk7u79\2331\hotspot\src\share\vm\prims\jvm.cpp:1304
Event: 1.352 Thread 0x000000000a266800 Threw 0x00000000eb700968 at C:\re\jdk7u79\2331\hotspot\src\share\vm\prims\jvm.cpp:1304
Event: 1.511 Thread 0x0000000002670800 Threw 0x00000000eb878630 at C:\re\jdk7u79\2331\hotspot\src\share\vm\prims\jvm.cpp:1304
Event: 1.511 Thread 0x0000000002670800 Threw 0x00000000eb87a7c8 at C:\re\jdk7u79\2331\hotspot\src\share\vm\prims\jvm.cpp:1304
Event: 1.513 Thread 0x0000000002670800 Threw 0x00000000eb8846f8 at C:\re\jdk7u79\2331\hotspot\src\share\vm\prims\jvm.cpp:1304
Event: 1.514 Thread 0x0000000002670800 Threw 0x00000000eb886b10 at C:\re\jdk7u79\2331\hotspot\src\share\vm\prims\jvm.cpp:1304
Event: 2.183 Thread 0x000000000a1d7000 Implicit null exception at 0x000000000289a9e8 to 0x000000000289ad19
Event: 3.168 Thread 0x000000000a245000 Implicit null exception at 0x00000000028caea8 to 0x00000000028cbea9
Event: 3.178 Thread 0x000000000a266800 Implicit null exception at 0x00000000028caea8 to 0x00000000028cbea9
Event: 3.411 Thread 0x0000000002670800 Threw 0x00000000eb4b7078 at C:\re\jdk7u79\2331\hotspot\src\share\vm\prims\jvm.cpp:1304

Events (10 events):
Event: 2.183 Thread 0x000000000a1d7000 DEOPT PACKING pc=0x000000000289ad2c sp=0x000000000a80e8c0
Event: 2.183 Thread 0x000000000a1d7000 DEOPT UNPACKING pc=0x00000000028475a4 sp=0x000000000a80e800 mode 2
Event: 3.168 Thread 0x000000000a245000 Uncommon trap: trap_request=0xfffffff4 fr.pc=0x00000000028cbed8
Event: 3.168 Thread 0x000000000a245000 DEOPT PACKING pc=0x00000000028cbed8 sp=0x000000000a90f040
Event: 3.168 Thread 0x000000000a245000 DEOPT UNPACKING pc=0x00000000028475a4 sp=0x000000000a90ef68 mode 2
Event: 3.178 Thread 0x000000000a266800 Uncommon trap: trap_request=0xfffffff4 fr.pc=0x00000000028cbed8
Event: 3.178 Thread 0x000000000a266800 DEOPT PACKING pc=0x00000000028cbed8 sp=0x000000000a70e6f0
Event: 3.178 Thread 0x000000000a266800 DEOPT UNPACKING pc=0x00000000028475a4 sp=0x000000000a70e618 mode 2
Event: 3.411 loading class 0x00000000086edb20
Event: 3.411 loading class 0x00000000086edb20 done


Dynamic libraries:
0x00007ff79b4f0000 - 0x00007ff79b523000 	C:\Program Files\Java\jdk1.7.0_79\bin\java.exe
0x00007fff58670000 - 0x00007fff5881d000 	C:\Windows\SYSTEM32\ntdll.dll
0x00007fff56440000 - 0x00007fff5657e000 	C:\Windows\system32\KERNEL32.DLL
0x00007fff55870000 - 0x00007fff55985000 	C:\Windows\system32\KERNELBASE.dll
0x00007fff54370000 - 0x00007fff543fe000 	C:\Windows\system32\apphelp.dll
0x00007fff4c980000 - 0x00007fff4c9d3000 	C:\Windows\AppPatch\AppPatch64\AcGenral.DLL
0x00007fff55f20000 - 0x00007fff55fca000 	C:\Windows\system32\msvcrt.dll
0x00007fff55cd0000 - 0x00007fff55cfe000 	C:\Windows\system32\SspiCli.dll
0x00007fff563e0000 - 0x00007fff56434000 	C:\Windows\system32\SHLWAPI.dll
0x00007fff56c10000 - 0x00007fff56d87000 	C:\Windows\system32\USER32.dll
0x00007fff56230000 - 0x00007fff563c4000 	C:\Windows\system32\ole32.dll
0x00007fff56d90000 - 0x00007fff582b9000 	C:\Windows\system32\SHELL32.dll
0x00007fff54dd0000 - 0x00007fff54df1000 	C:\Windows\SYSTEM32\USERENV.dll
0x00007fff569f0000 - 0x00007fff56a9a000 	C:\Windows\system32\ADVAPI32.dll
0x00007fff44460000 - 0x00007fff4447e000 	C:\Windows\SYSTEM32\MPR.dll
0x00007fff56aa0000 - 0x00007fff56be0000 	C:\Windows\system32\RPCRT4.dll
0x00007fff55fe0000 - 0x00007fff56039000 	C:\Windows\SYSTEM32\sechost.dll
0x00007fff582c0000 - 0x00007fff584d1000 	C:\Windows\SYSTEM32\combase.dll
0x00007fff584e0000 - 0x00007fff5862f000 	C:\Windows\system32\GDI32.dll
0x00007fff557a0000 - 0x00007fff557b5000 	C:\Windows\SYSTEM32\profapi.dll
0x00007fff53bf0000 - 0x00007fff53ca2000 	C:\Windows\SYSTEM32\SHCORE.dll
0x00007fff58630000 - 0x00007fff58666000 	C:\Windows\system32\IMM32.DLL
0x00007fff55dc0000 - 0x00007fff55f12000 	C:\Windows\system32\MSCTF.dll
0x00007fff53280000 - 0x00007fff534fb000 	C:\Windows\WinSxS\amd64_microsoft.windows.common-controls_6595b64144ccf1df_6.0.9600.18006_none_623f33d3ecbe86e8\COMCTL32.dll
0x0000000058610000 - 0x00000000586e2000 	C:\Program Files\Java\jdk1.7.0_79\jre\bin\msvcr100.dll
0x0000000058aa0000 - 0x0000000059275000 	C:\Program Files\Java\jdk1.7.0_79\jre\bin\server\jvm.dll
0x00007fff4e590000 - 0x00007fff4e599000 	C:\Windows\SYSTEM32\WSOCK32.dll
0x00007fff4e630000 - 0x00007fff4e652000 	C:\Windows\SYSTEM32\WINMM.dll
0x00007fff56040000 - 0x00007fff56047000 	C:\Windows\system32\PSAPI.DLL
0x00007fff56920000 - 0x00007fff5697a000 	C:\Windows\system32\WS2_32.dll
0x00007fff4e600000 - 0x00007fff4e62a000 	C:\Windows\SYSTEM32\WINMMBASE.dll
0x00007fff563d0000 - 0x00007fff563d9000 	C:\Windows\system32\NSI.dll
0x00007fff55aa0000 - 0x00007fff55aef000 	C:\Windows\SYSTEM32\cfgmgr32.dll
0x00007fff545c0000 - 0x00007fff545e8000 	C:\Windows\SYSTEM32\DEVOBJ.dll
0x0000000058a90000 - 0x0000000058a9f000 	C:\Program Files\Java\jdk1.7.0_79\jre\bin\verify.dll
0x0000000058a60000 - 0x0000000058a88000 	C:\Program Files\Java\jdk1.7.0_79\jre\bin\java.dll
0x0000000058a40000 - 0x0000000058a55000 	C:\Program Files\Java\jdk1.7.0_79\jre\bin\zip.dll
0x0000000058a20000 - 0x0000000058a3a000 	C:\Program Files\Java\jdk1.7.0_79\jre\bin\net.dll
0x00007fff55040000 - 0x00007fff55099000 	C:\Windows\system32\mswsock.dll
0x0000000058a00000 - 0x0000000058a11000 	C:\Program Files\Java\jdk1.7.0_79\jre\bin\nio.dll

VM Arguments:
jvm_args: -Djava.awt.headless=true -Xmx1024M -Dfile.encoding=windows-1252 -Duser.country=US -Duser.language=en -Duser.variant 
java_command: com.android.dx.command.Main --dex --num-threads=4 --output C:\Users\RVN-TECH\Downloads\the_city_mainfile\android_project\The City\app\build\intermediates\pre-dexed\debug\gson-2.4_1d98a667d574962e5fc93de0dc82ec70a5be417d.jar C:\Users\RVN-TECH\.gradle\caches\modules-2\files-2.1\com.google.code.gson\gson\2.4\695b63d702f505b9b916e02272e3b6381bade7f\gson-2.4.jar
Launcher Type: SUN_STANDARD

Environment Variables:
PATH=C:\Windows\system32;C:\Windows;C:\Windows\System32\Wbem;C:\Windows\System32\WindowsPowerShell\v1.0\;C:\Program Files\nodejs\;C:\Program Files\Git\cmd;C:\Program Files (x86)\Heroku\bin;C:\Program Files (x86)\git\cmd;C:\Program Files (x86)\Git\cmd;C:\Users\RVN-TECH\AppData\Roaming\npm;C:\Android\android-sdk\platforms;C:\Android\android-sdk\platformtools;
USERNAME=RVN-TECH
OS=Windows_NT
PROCESSOR_IDENTIFIER=Intel64 Family 6 Model 58 Stepping 9, GenuineIntel



---------------  S Y S T E M  ---------------

OS: Windows 8.1 , 64 bit Build 9600 

CPU:total 4 (2 cores per cpu, 2 threads per core) family 6 model 58 stepping 9, cmov, cx8, fxsr, mmx, sse, sse2, sse3, ssse3, sse4.1, sse4.2, popcnt, avx, erms, ht, tsc, tscinvbit, tscinv

Memory: 4k page, physical 4094312k(276588k free), swap 7240040k(5608k free)

vm_info: Java HotSpot(TM) 64-Bit Server VM (24.79-b02) for windows-amd64 JRE (1.7.0_79-b15), built on Apr 10 2015 12:36:16 by "java_re" with unknown MS VC++:1600

time: Mon Aug 15 15:44:24 2016
elapsed time: 3 seconds

