#
# There is insufficient memory for the Java Runtime Environment to continue.
# Native memory allocation (malloc) failed to allocate 162384 bytes for Chunk::new
# Possible reasons:
#   The system is out of physical RAM or swap space
#   In 32 bit mode, the process size limit was hit
# Possible solutions:
#   Reduce memory load on the system
#   Increase physical memory or swap space
#   Check if swap backing store is full
#   Use 64 bit Java on a 64 bit OS
#   Decrease Java heap size (-Xmx/-Xms)
#   Decrease number of Java threads
#   Decrease Java thread stack sizes (-Xss)
#   Set larger code cache with -XX:ReservedCodeCacheSize=
# This output file may be truncated or incomplete.
#
#  Out of Memory Error (allocation.cpp:323), pid=812, tid=5568
#
# JRE version: Java(TM) SE Runtime Environment (7.0_79-b15) (build 1.7.0_79-b15)
# Java VM: Java HotSpot(TM) 64-Bit Server VM (24.79-b02 mixed mode windows-amd64 compressed oops)
# Failed to write core dump. Minidumps are not enabled by default on client versions of Windows
#

---------------  T H R E A D  ---------------

Current thread (0x0000000007e8e000):  JavaThread "C2 CompilerThread1" daemon [_thread_in_native, id=5568, stack(0x0000000009520000,0x0000000009620000)]

Stack: [0x0000000009520000,0x0000000009620000]

Current CompileTask:
C2:  16007  713 %           com.android.dx.dex.file.MapItem::addMap @ 92 (247 bytes)


---------------  P R O C E S S  ---------------

Java Threads: ( => current thread )
  0x0000000007e94000 JavaThread "Service Thread" daemon [_thread_blocked, id=4804, stack(0x0000000009620000,0x0000000009720000)]
=>0x0000000007e8e000 JavaThread "C2 CompilerThread1" daemon [_thread_in_native, id=5568, stack(0x0000000009520000,0x0000000009620000)]
  0x0000000007e84000 JavaThread "C2 CompilerThread0" daemon [_thread_blocked, id=5368, stack(0x0000000009420000,0x0000000009520000)]
  0x0000000007e83000 JavaThread "Attach Listener" daemon [_thread_blocked, id=4016, stack(0x0000000009320000,0x0000000009420000)]
  0x0000000007e80000 JavaThread "Signal Dispatcher" daemon [_thread_blocked, id=4168, stack(0x0000000009220000,0x0000000009320000)]
  0x0000000007e4f000 JavaThread "Finalizer" daemon [_thread_blocked, id=5288, stack(0x0000000009120000,0x0000000009220000)]
  0x0000000007e45800 JavaThread "Reference Handler" daemon [_thread_blocked, id=3444, stack(0x0000000009020000,0x0000000009120000)]
  0x0000000001ef0800 JavaThread "main" [_thread_in_Java, id=3648, stack(0x0000000001dd0000,0x0000000001ed0000)]

Other Threads:
  0x0000000007e40800 VMThread [stack: 0x0000000008f20000,0x0000000009020000] [id=4476]
  0x0000000007ea2800 WatcherThread [stack: 0x0000000009720000,0x0000000009820000] [id=4632]

VM state:not at safepoint (normal execution)

VM Mutex/Monitor currently owned by a thread: None

Heap
 PSYoungGen      total 116736K, used 10069K [0x00000000eaa80000, 0x00000000f3280000, 0x0000000100000000)
  eden space 96256K, 0% used [0x00000000eaa80000,0x00000000eab503e0,0x00000000f0880000)
  from space 20480K, 45% used [0x00000000f0880000,0x00000000f11851d8,0x00000000f1c80000)
  to   space 18432K, 0% used [0x00000000f1c80000,0x00000000f1c80000,0x00000000f2e80000)
 ParOldGen       total 76800K, used 42399K [0x00000000c0000000, 0x00000000c4b00000, 0x00000000eaa80000)
  object space 76800K, 55% used [0x00000000c0000000,0x00000000c2967e80,0x00000000c4b00000)
 PSPermGen       total 21504K, used 6229K [0x00000000bae00000, 0x00000000bc300000, 0x00000000c0000000)
  object space 21504K, 28% used [0x00000000bae00000,0x00000000bb415610,0x00000000bc300000)

Card table byte_map: [0x00000000050b0000,0x00000000052e0000] byte_map_base: 0x0000000004ad9000

Polling page: 0x0000000000470000

Code Cache  [0x0000000001ff0000, 0x0000000002260000, 0x0000000004ff0000)
 total_blobs=935 nmethods=699 adapters=188 free_code_cache=46709Kb largest_free_block=47785344

Compilation events (10 events):
Event: 15.793 Thread 0x0000000007e8e000 nmethod 709 0x00000000021e7510 code [0x00000000021e7680, 0x00000000021e79f8]
Event: 15.793 Thread 0x0000000007e84000  710             com.android.dex.Leb128::writeUnsignedLeb128 (46 bytes)
Event: 15.813 Thread 0x0000000007e84000 nmethod 710 0x00000000021e6790 code [0x00000000021e6920, 0x00000000021e7058]
Event: 15.872 Thread 0x0000000007e8e000  711             com.android.dx.util.ByteArrayAnnotatedOutput::writeUleb128 (34 bytes)
Event: 15.877 Thread 0x0000000007e8e000 nmethod 711 0x00000000021e9b50 code [0x00000000021e9ca0, 0x00000000021e9f28]
Event: 15.882 Thread 0x0000000007e84000  712             com.android.dx.dex.file.DexFile::getMethodIds (5 bytes)
Event: 15.882 Thread 0x0000000007e84000 nmethod 712 0x00000000021e8010 code [0x00000000021e8140, 0x00000000021e8198]
Event: 15.926 Thread 0x0000000007e8e000  713 %           com.android.dx.dex.file.MapItem::addMap @ 92 (247 bytes)
Event: 15.930 Thread 0x0000000007e84000  714             com.android.dx.dex.file.MixedItemSection::prepare0 (57 bytes)
Event: 15.935 Thread 0x0000000007e84000 nmethod 714 0x000000000225bc50 code [0x000000000225bda0, 0x000000000225bf58]

GC Heap History (10 events):
Event: 7.258 GC heap before
{Heap before GC invocations=8 (full 0):
 PSYoungGen      total 39424K, used 39408K [0x00000000eaa80000, 0x00000000efc80000, 0x0000000100000000)
  eden space 32768K, 100% used [0x00000000eaa80000,0x00000000eca80000,0x00000000eca80000)
  from space 6656K, 99% used [0x00000000eca80000,0x00000000ed0fc020,0x00000000ed100000)
  to   space 9216K, 0% used [0x00000000ef380000,0x00000000ef380000,0x00000000efc80000)
 ParOldGen       total 42496K, used 13681K [0x00000000c0000000, 0x00000000c2980000, 0x00000000eaa80000)
  object space 42496K, 32% used [0x00000000c0000000,0x00000000c0d5c7b8,0x00000000c2980000)
 PSPermGen       total 21504K, used 5965K [0x00000000bae00000, 0x00000000bc300000, 0x00000000c0000000)
  object space 21504K, 27% used [0x00000000bae00000,0x00000000bb3d3638,0x00000000bc300000)
Event: 7.449 GC heap after
Heap after GC invocations=8 (full 0):
 PSYoungGen      total 70656K, used 9206K [0x00000000eaa80000, 0x00000000f0480000, 0x0000000100000000)
  eden space 61440K, 0% used [0x00000000eaa80000,0x00000000eaa80000,0x00000000ee680000)
  from space 9216K, 99% used [0x00000000ef380000,0x00000000efc7d870,0x00000000efc80000)
  to   space 13312K, 0% used [0x00000000ee680000,0x00000000ee680000,0x00000000ef380000)
 ParOldGen       total 42496K, used 20326K [0x00000000c0000000, 0x00000000c2980000, 0x00000000eaa80000)
  object space 42496K, 47% used [0x00000000c0000000,0x00000000c13d9860,0x00000000c2980000)
 PSPermGen       total 21504K, used 5965K [0x00000000bae00000, 0x00000000bc300000, 0x00000000c0000000)
  object space 21504K, 27% used [0x00000000bae00000,0x00000000bb3d3638,0x00000000bc300000)
}
Event: 8.132 GC heap before
{Heap before GC invocations=9 (full 0):
 PSYoungGen      total 70656K, used 70646K [0x00000000eaa80000, 0x00000000f0480000, 0x0000000100000000)
  eden space 61440K, 100% used [0x00000000eaa80000,0x00000000ee680000,0x00000000ee680000)
  from space 9216K, 99% used [0x00000000ef380000,0x00000000efc7d870,0x00000000efc80000)
  to   space 13312K, 0% used [0x00000000ee680000,0x00000000ee680000,0x00000000ef380000)
 ParOldGen       total 42496K, used 20326K [0x00000000c0000000, 0x00000000c2980000, 0x00000000eaa80000)
  object space 42496K, 47% used [0x00000000c0000000,0x00000000c13d9860,0x00000000c2980000)
 PSPermGen       total 21504K, used 5988K [0x00000000bae00000, 0x00000000bc300000, 0x00000000c0000000)
  object space 21504K, 27% used [0x00000000bae00000,0x00000000bb3d90f0,0x00000000bc300000)
Event: 8.460 GC heap after
Heap after GC invocations=9 (full 0):
 PSYoungGen      total 74752K, used 13303K [0x00000000eaa80000, 0x00000000f2e80000, 0x0000000100000000)
  eden space 61440K, 0% used [0x00000000eaa80000,0x00000000eaa80000,0x00000000ee680000)
  from space 13312K, 99% used [0x00000000ee680000,0x00000000ef37dfb8,0x00000000ef380000)
  to   space 18432K, 0% used [0x00000000f1c80000,0x00000000f1c80000,0x00000000f2e80000)
 ParOldGen       total 42496K, used 28260K [0x00000000c0000000, 0x00000000c2980000, 0x00000000eaa80000)
  object space 42496K, 66% used [0x00000000c0000000,0x00000000c1b99068,0x00000000c2980000)
 PSPermGen       total 21504K, used 5988K [0x00000000bae00000, 0x00000000bc300000, 0x00000000c0000000)
  object space 21504K, 27% used [0x00000000bae00000,0x00000000bb3d90f0,0x00000000bc300000)
}
Event: 9.665 GC heap before
{Heap before GC invocations=10 (full 0):
 PSYoungGen      total 74752K, used 74743K [0x00000000eaa80000, 0x00000000f2e80000, 0x0000000100000000)
  eden space 61440K, 100% used [0x00000000eaa80000,0x00000000ee680000,0x00000000ee680000)
  from space 13312K, 99% used [0x00000000ee680000,0x00000000ef37dfb8,0x00000000ef380000)
  to   space 18432K, 0% used [0x00000000f1c80000,0x00000000f1c80000,0x00000000f2e80000)
 ParOldGen       total 42496K, used 28260K [0x00000000c0000000, 0x00000000c2980000, 0x00000000eaa80000)
  object space 42496K, 66% used [0x00000000c0000000,0x00000000c1b99068,0x00000000c2980000)
 PSPermGen       total 21504K, used 6003K [0x00000000bae00000, 0x00000000bc300000, 0x00000000c0000000)
  object space 21504K, 27% used [0x00000000bae00000,0x00000000bb3dcdc8,0x00000000bc300000)
Event: 9.947 GC heap after
Heap after GC invocations=10 (full 0):
 PSYoungGen      total 114688K, used 17015K [0x00000000eaa80000, 0x00000000f3280000, 0x0000000100000000)
  eden space 96256K, 0% used [0x00000000eaa80000,0x00000000eaa80000,0x00000000f0880000)
  from space 18432K, 92% used [0x00000000f1c80000,0x00000000f2d1dfc8,0x00000000f2e80000)
  to   space 20480K, 0% used [0x00000000f0880000,0x00000000f0880000,0x00000000f1c80000)
 ParOldGen       total 42496K, used 34614K [0x00000000c0000000, 0x00000000c2980000, 0x00000000eaa80000)
  object space 42496K, 81% used [0x00000000c0000000,0x00000000c21cd928,0x00000000c2980000)
 PSPermGen       total 21504K, used 6003K [0x00000000bae00000, 0x00000000bc300000, 0x00000000c0000000)
  object space 21504K, 27% used [0x00000000bae00000,0x00000000bb3dcdc8,0x00000000bc300000)
}
Event: 9.947 GC heap before
{Heap before GC invocations=11 (full 1):
 PSYoungGen      total 114688K, used 17015K [0x00000000eaa80000, 0x00000000f3280000, 0x0000000100000000)
  eden space 96256K, 0% used [0x00000000eaa80000,0x00000000eaa80000,0x00000000f0880000)
  from space 18432K, 92% used [0x00000000f1c80000,0x00000000f2d1dfc8,0x00000000f2e80000)
  to   space 20480K, 0% used [0x00000000f0880000,0x00000000f0880000,0x00000000f1c80000)
 ParOldGen       total 42496K, used 34614K [0x00000000c0000000, 0x00000000c2980000, 0x00000000eaa80000)
  object space 42496K, 81% used [0x00000000c0000000,0x00000000c21cd928,0x00000000c2980000)
 PSPermGen       total 21504K, used 6003K [0x00000000bae00000, 0x00000000bc300000, 0x00000000c0000000)
  object space 21504K, 27% used [0x00000000bae00000,0x00000000bb3dcdc8,0x00000000bc300000)
Event: 12.724 GC heap after
Heap after GC invocations=11 (full 1):
 PSYoungGen      total 114688K, used 0K [0x00000000eaa80000, 0x00000000f3280000, 0x0000000100000000)
  eden space 96256K, 0% used [0x00000000eaa80000,0x00000000eaa80000,0x00000000f0880000)
  from space 18432K, 0% used [0x00000000f1c80000,0x00000000f1c80000,0x00000000f2e80000)
  to   space 20480K, 0% used [0x00000000f0880000,0x00000000f0880000,0x00000000f1c80000)
 ParOldGen       total 76800K, used 42399K [0x00000000c0000000, 0x00000000c4b00000, 0x00000000eaa80000)
  object space 76800K, 55% used [0x00000000c0000000,0x00000000c2967e80,0x00000000c4b00000)
 PSPermGen       total 21504K, used 5998K [0x00000000bae00000, 0x00000000bc300000, 0x00000000c0000000)
  object space 21504K, 27% used [0x00000000bae00000,0x00000000bb3dbbc8,0x00000000bc300000)
}
Event: 15.935 GC heap before
{Heap before GC invocations=12 (full 1):
 PSYoungGen      total 114688K, used 96217K [0x00000000eaa80000, 0x00000000f3280000, 0x0000000100000000)
  eden space 96256K, 99% used [0x00000000eaa80000,0x00000000f08767b0,0x00000000f0880000)
  from space 18432K, 0% used [0x00000000f1c80000,0x00000000f1c80000,0x00000000f2e80000)
  to   space 20480K, 0% used [0x00000000f0880000,0x00000000f0880000,0x00000000f1c80000)
 ParOldGen       total 76800K, used 42399K [0x00000000c0000000, 0x00000000c4b00000, 0x00000000eaa80000)
  object space 76800K, 55% used [0x00000000c0000000,0x00000000c2967e80,0x00000000c4b00000)
 PSPermGen       total 21504K, used 6226K [0x00000000bae00000, 0x00000000bc300000, 0x00000000c0000000)
  object space 21504K, 28% used [0x00000000bae00000,0x00000000bb4148f0,0x00000000bc300000)
Event: 15.994 GC heap after
Heap after GC invocations=12 (full 1):
 PSYoungGen      total 116736K, used 9236K [0x00000000eaa80000, 0x00000000f3280000, 0x0000000100000000)
  eden space 96256K, 0% used [0x00000000eaa80000,0x00000000eaa80000,0x00000000f0880000)
  from space 20480K, 45% used [0x00000000f0880000,0x00000000f11851d8,0x00000000f1c80000)
  to   space 18432K, 0% used [0x00000000f1c80000,0x00000000f1c80000,0x00000000f2e80000)
 ParOldGen       total 76800K, used 42399K [0x00000000c0000000, 0x00000000c4b00000, 0x00000000eaa80000)
  object space 76800K, 55% used [0x00000000c0000000,0x00000000c2967e80,0x00000000c4b00000)
 PSPermGen       total 21504K, used 6226K [0x00000000bae00000, 0x00000000bc300000, 0x00000000c0000000)
  object space 21504K, 28% used [0x00000000bae00000,0x00000000bb4148f0,0x00000000bc300000)
}

Deoptimization events (10 events):
Event: 8.597 Thread 0x0000000009986000 Uncommon trap: reason=bimorphic action=maybe_recompile pc=0x000000000221d4b8 method=com.android.dx.cf.code.BytecodeArray.parseInstruction(ILcom/android/dx/cf/code/BytecodeArray$Visitor;)I @ 2281
Event: 8.597 Thread 0x0000000009986000 Uncommon trap: reason=bimorphic action=maybe_recompile pc=0x000000000221d4b8 method=com.android.dx.cf.code.BytecodeArray.parseInstruction(ILcom/android/dx/cf/code/BytecodeArray$Visitor;)I @ 2281
Event: 9.298 Thread 0x0000000009986000 Uncommon trap: reason=bimorphic action=maybe_recompile pc=0x0000000002234650 method=com.android.dx.cf.code.BytecodeArray.parseInstruction(ILcom/android/dx/cf/code/BytecodeArray$Visitor;)I @ 1161
Event: 9.298 Thread 0x0000000009986000 Uncommon trap: reason=bimorphic action=maybe_recompile pc=0x00000000022360dc method=com.android.dx.cf.code.BytecodeArray.parseInstruction(ILcom/android/dx/cf/code/BytecodeArray$Visitor;)I @ 1130
Event: 9.298 Thread 0x0000000009986000 Uncommon trap: reason=bimorphic action=maybe_recompile pc=0x00000000022360dc method=com.android.dx.cf.code.BytecodeArray.parseInstruction(ILcom/android/dx/cf/code/BytecodeArray$Visitor;)I @ 1130
Event: 13.638 Thread 0x000000000996b800 Uncommon trap: reason=bimorphic action=maybe_recompile pc=0x00000000021d3a58 method=com.android.dx.cf.code.RopperMachine.run(Lcom/android/dx/cf/code/Frame;II)V @ 988
Event: 15.342 Thread 0x0000000001ef0800 Uncommon trap: reason=class_check action=maybe_recompile pc=0x00000000022043b8 method=com.android.dx.dex.code.OutputFinisher.calculateReservedCount([Lcom/android/dx/dex/code/Dop;)I @ 72
Event: 15.342 Thread 0x0000000001ef0800 Uncommon trap: reason=class_check action=maybe_recompile pc=0x00000000022043b8 method=com.android.dx.dex.code.OutputFinisher.calculateReservedCount([Lcom/android/dx/dex/code/Dop;)I @ 72
Event: 15.343 Thread 0x0000000001ef0800 Uncommon trap: reason=class_check action=maybe_recompile pc=0x00000000022043b8 method=com.android.dx.dex.code.OutputFinisher.calculateReservedCount([Lcom/android/dx/dex/code/Dop;)I @ 72
Event: 15.344 Thread 0x0000000001ef0800 Uncommon trap: reason=class_check action=maybe_recompile pc=0x00000000022043b8 method=com.android.dx.dex.code.OutputFinisher.calculateReservedCount([Lcom/android/dx/dex/code/Dop;)I @ 72

Internal exceptions (10 events):
Event: 15.036 Thread 0x0000000001ef0800 Threw 0x00000000efff2498 at C:\re\jdk7u79\2331\hotspot\src\share\vm\prims\jvm.cpp:1304
Event: 15.037 Thread 0x0000000001ef0800 Threw 0x00000000efff88d8 at C:\re\jdk7u79\2331\hotspot\src\share\vm\prims\jvm.cpp:1304
Event: 15.039 Thread 0x0000000001ef0800 Threw 0x00000000efffce98 at C:\re\jdk7u79\2331\hotspot\src\share\vm\prims\jvm.cpp:1304
Event: 15.043 Thread 0x0000000001ef0800 Threw 0x00000000f0002a20 at C:\re\jdk7u79\2331\hotspot\src\share\vm\prims\jvm.cpp:1304
Event: 15.044 Thread 0x0000000001ef0800 Threw 0x00000000f0005a50 at C:\re\jdk7u79\2331\hotspot\src\share\vm\prims\jvm.cpp:1304
Event: 15.045 Thread 0x0000000001ef0800 Threw 0x00000000f0008ac8 at C:\re\jdk7u79\2331\hotspot\src\share\vm\prims\jvm.cpp:1304
Event: 15.063 Thread 0x0000000001ef0800 Threw 0x00000000f0028310 at C:\re\jdk7u79\2331\hotspot\src\share\vm\prims\jvm.cpp:1304
Event: 15.737 Thread 0x0000000001ef0800 Threw 0x00000000f06dac58 at C:\re\jdk7u79\2331\hotspot\src\share\vm\prims\jvm.cpp:1304
Event: 15.886 Thread 0x0000000001ef0800 Threw 0x00000000f0855898 at C:\re\jdk7u79\2331\hotspot\src\share\vm\prims\jvm.cpp:1304
Event: 15.996 Thread 0x0000000001ef0800 Threw 0x00000000eab03148 at C:\re\jdk7u79\2331\hotspot\src\share\vm\prims\jvm.cpp:1304

Events (10 events):
Event: 15.344 Thread 0x0000000001ef0800 DEOPT PACKING pc=0x00000000022043b8 sp=0x0000000001ecefd0
Event: 15.344 Thread 0x0000000001ef0800 DEOPT UNPACKING pc=0x00000000020275a4 sp=0x0000000001ecef58 mode 2
Event: 15.737 loading class 0x00000000098cee50
Event: 15.737 loading class 0x00000000098cee50 done
Event: 15.886 loading class 0x0000000007efe9a0
Event: 15.886 loading class 0x0000000007efe9a0 done
Event: 15.935 Executing VM operation: ParallelGCFailedAllocation
Event: 15.995 Executing VM operation: ParallelGCFailedAllocation done
Event: 15.996 loading class 0x0000000007efc7e0
Event: 15.996 loading class 0x0000000007efc7e0 done


Dynamic libraries:
0x00007ff79b4f0000 - 0x00007ff79b523000 	C:\Program Files\Java\jdk1.7.0_79\bin\java.exe
0x00007fff58670000 - 0x00007fff5881d000 	C:\Windows\SYSTEM32\ntdll.dll
0x00007fff56440000 - 0x00007fff5657e000 	C:\Windows\system32\KERNEL32.DLL
0x00007fff55870000 - 0x00007fff55985000 	C:\Windows\system32\KERNELBASE.dll
0x00007fff54370000 - 0x00007fff543fe000 	C:\Windows\system32\apphelp.dll
0x00007fff4c980000 - 0x00007fff4c9d3000 	C:\Windows\AppPatch\AppPatch64\AcGenral.DLL
0x00007fff55f20000 - 0x00007fff55fca000 	C:\Windows\system32\msvcrt.dll
0x00007fff55cd0000 - 0x00007fff55cfe000 	C:\Windows\system32\SspiCli.dll
0x00007fff563e0000 - 0x00007fff56434000 	C:\Windows\system32\SHLWAPI.dll
0x00007fff56c10000 - 0x00007fff56d87000 	C:\Windows\system32\USER32.dll
0x00007fff56230000 - 0x00007fff563c4000 	C:\Windows\system32\ole32.dll
0x00007fff56d90000 - 0x00007fff582b9000 	C:\Windows\system32\SHELL32.dll
0x00007fff54dd0000 - 0x00007fff54df1000 	C:\Windows\SYSTEM32\USERENV.dll
0x00007fff569f0000 - 0x00007fff56a9a000 	C:\Windows\system32\ADVAPI32.dll
0x00007fff44460000 - 0x00007fff4447e000 	C:\Windows\SYSTEM32\MPR.dll
0x00007fff56aa0000 - 0x00007fff56be0000 	C:\Windows\system32\RPCRT4.dll
0x00007fff55fe0000 - 0x00007fff56039000 	C:\Windows\SYSTEM32\sechost.dll
0x00007fff582c0000 - 0x00007fff584d1000 	C:\Windows\SYSTEM32\combase.dll
0x00007fff584e0000 - 0x00007fff5862f000 	C:\Windows\system32\GDI32.dll
0x00007fff557a0000 - 0x00007fff557b5000 	C:\Windows\SYSTEM32\profapi.dll
0x00007fff53bf0000 - 0x00007fff53ca2000 	C:\Windows\SYSTEM32\SHCORE.dll
0x00007fff58630000 - 0x00007fff58666000 	C:\Windows\system32\IMM32.DLL
0x00007fff55dc0000 - 0x00007fff55f12000 	C:\Windows\system32\MSCTF.dll
0x00007fff53280000 - 0x00007fff534fb000 	C:\Windows\WinSxS\amd64_microsoft.windows.common-controls_6595b64144ccf1df_6.0.9600.18006_none_623f33d3ecbe86e8\COMCTL32.dll
0x0000000058610000 - 0x00000000586e2000 	C:\Program Files\Java\jdk1.7.0_79\jre\bin\msvcr100.dll
0x0000000058aa0000 - 0x0000000059275000 	C:\Program Files\Java\jdk1.7.0_79\jre\bin\server\jvm.dll
0x00007fff4e590000 - 0x00007fff4e599000 	C:\Windows\SYSTEM32\WSOCK32.dll
0x00007fff4e630000 - 0x00007fff4e652000 	C:\Windows\SYSTEM32\WINMM.dll
0x00007fff56040000 - 0x00007fff56047000 	C:\Windows\system32\PSAPI.DLL
0x00007fff56920000 - 0x00007fff5697a000 	C:\Windows\system32\WS2_32.dll
0x00007fff4e600000 - 0x00007fff4e62a000 	C:\Windows\SYSTEM32\WINMMBASE.dll
0x00007fff563d0000 - 0x00007fff563d9000 	C:\Windows\system32\NSI.dll
0x00007fff55aa0000 - 0x00007fff55aef000 	C:\Windows\SYSTEM32\cfgmgr32.dll
0x00007fff545c0000 - 0x00007fff545e8000 	C:\Windows\SYSTEM32\DEVOBJ.dll
0x0000000058a90000 - 0x0000000058a9f000 	C:\Program Files\Java\jdk1.7.0_79\jre\bin\verify.dll
0x0000000058a60000 - 0x0000000058a88000 	C:\Program Files\Java\jdk1.7.0_79\jre\bin\java.dll
0x0000000058a40000 - 0x0000000058a55000 	C:\Program Files\Java\jdk1.7.0_79\jre\bin\zip.dll
0x0000000058a20000 - 0x0000000058a3a000 	C:\Program Files\Java\jdk1.7.0_79\jre\bin\net.dll
0x00007fff55040000 - 0x00007fff55099000 	C:\Windows\system32\mswsock.dll
0x0000000058a00000 - 0x0000000058a11000 	C:\Program Files\Java\jdk1.7.0_79\jre\bin\nio.dll

VM Arguments:
jvm_args: -Djava.awt.headless=true -Xmx1024M -Dfile.encoding=windows-1252 -Duser.country=US -Duser.language=en -Duser.variant 
java_command: com.android.dx.command.Main --dex --num-threads=4 --output C:\Users\RVN-TECH\Downloads\the_city_mainfile\android_project\The City\app\build\intermediates\pre-dexed\debug\com.google.android.gms-play-services-basement-9.2.0_d6d389e38515236aaab7f2d2dbc0840ce5f5c8de.jar C:\Users\RVN-TECH\Downloads\the_city_mainfile\android_project\The City\app\build\intermediates\exploded-aar\com.google.android.gms\play-services-basement\9.2.0\jars\classes.jar
Launcher Type: SUN_STANDARD

Environment Variables:
PATH=C:\Windows\system32;C:\Windows;C:\Windows\System32\Wbem;C:\Windows\System32\WindowsPowerShell\v1.0\;C:\Program Files\nodejs\;C:\Program Files\Git\cmd;C:\Program Files (x86)\Heroku\bin;C:\Program Files (x86)\git\cmd;C:\Program Files (x86)\Git\cmd;C:\Users\RVN-TECH\AppData\Roaming\npm;C:\Android\android-sdk\platforms;C:\Android\android-sdk\platformtools;
USERNAME=RVN-TECH
OS=Windows_NT
PROCESSOR_IDENTIFIER=Intel64 Family 6 Model 58 Stepping 9, GenuineIntel



---------------  S Y S T E M  ---------------

OS: Windows 8.1 , 64 bit Build 9600 

CPU:total 4 (2 cores per cpu, 2 threads per core) family 6 model 58 stepping 9, cmov, cx8, fxsr, mmx, sse, sse2, sse3, ssse3, sse4.1, sse4.2, popcnt, avx, erms, ht, tsc, tscinvbit, tscinv

Memory: 4k page, physical 4094312k(174372k free), swap 7240040k(5104k free)

vm_info: Java HotSpot(TM) 64-Bit Server VM (24.79-b02) for windows-amd64 JRE (1.7.0_79-b15), built on Apr 10 2015 12:36:16 by "java_re" with unknown MS VC++:1600

time: Mon Aug 15 15:51:52 2016
elapsed time: 16 seconds

