#
# There is insufficient memory for the Java Runtime Environment to continue.
# Native memory allocation (malloc) failed to allocate 729296 bytes for Chunk::new
# Possible reasons:
#   The system is out of physical RAM or swap space
#   In 32 bit mode, the process size limit was hit
# Possible solutions:
#   Reduce memory load on the system
#   Increase physical memory or swap space
#   Check if swap backing store is full
#   Use 64 bit Java on a 64 bit OS
#   Decrease Java heap size (-Xmx/-Xms)
#   Decrease number of Java threads
#   Decrease Java thread stack sizes (-Xss)
#   Set larger code cache with -XX:ReservedCodeCacheSize=
# This output file may be truncated or incomplete.
#
#  Out of Memory Error (allocation.cpp:323), pid=3060, tid=2452
#
# JRE version: Java(TM) SE Runtime Environment (7.0_79-b15) (build 1.7.0_79-b15)
# Java VM: Java HotSpot(TM) 64-Bit Server VM (24.79-b02 mixed mode windows-amd64 compressed oops)
# Failed to write core dump. Minidumps are not enabled by default on client versions of Windows
#

---------------  T H R E A D  ---------------

Current thread (0x0000000008384800):  JavaThread "C2 CompilerThread0" daemon [_thread_in_native, id=2452, stack(0x00000000098f0000,0x00000000099f0000)]

Stack: [0x00000000098f0000,0x00000000099f0000]

Current CompileTask:
C2:   3720  275   !         com.android.dx.cf.code.Ropper::processBlock (1101 bytes)


---------------  P R O C E S S  ---------------

Java Threads: ( => current thread )
  0x0000000009e20000 JavaThread "pool-1-thread-4" [_thread_in_Java, id=5472, stack(0x000000000a4f0000,0x000000000a5f0000)]
  0x0000000009e1d800 JavaThread "pool-1-thread-3" [_thread_blocked, id=2744, stack(0x000000000a3f0000,0x000000000a4f0000)]
  0x0000000009ddd000 JavaThread "pool-1-thread-2" [_thread_blocked, id=3944, stack(0x000000000a2f0000,0x000000000a3f0000)]
  0x0000000009d75000 JavaThread "pool-2-thread-1" [_thread_blocked, id=5060, stack(0x000000000a1f0000,0x000000000a2f0000)]
  0x00000000083fc800 JavaThread "pool-1-thread-1" [_thread_blocked, id=6684, stack(0x000000000a0f0000,0x000000000a1f0000)]
  0x0000000008394800 JavaThread "Service Thread" daemon [_thread_blocked, id=3912, stack(0x0000000009af0000,0x0000000009bf0000)]
  0x000000000838e800 JavaThread "C2 CompilerThread1" daemon [_thread_in_native, id=6656, stack(0x00000000099f0000,0x0000000009af0000)]
=>0x0000000008384800 JavaThread "C2 CompilerThread0" daemon [_thread_in_native, id=2452, stack(0x00000000098f0000,0x00000000099f0000)]
  0x0000000008383800 JavaThread "Attach Listener" daemon [_thread_blocked, id=3440, stack(0x00000000097f0000,0x00000000098f0000)]
  0x0000000008380800 JavaThread "Signal Dispatcher" daemon [_thread_blocked, id=5388, stack(0x00000000096f0000,0x00000000097f0000)]
  0x000000000834e800 JavaThread "Finalizer" daemon [_thread_blocked, id=6768, stack(0x00000000095f0000,0x00000000096f0000)]
  0x0000000008345800 JavaThread "Reference Handler" daemon [_thread_blocked, id=4480, stack(0x00000000094f0000,0x00000000095f0000)]
  0x00000000024b0800 JavaThread "main" [_thread_in_native, id=6424, stack(0x00000000023b0000,0x00000000024b0000)]

Other Threads:
  0x0000000008340800 VMThread [stack: 0x00000000093f0000,0x00000000094f0000] [id=5544]
  0x00000000083a3800 WatcherThread [stack: 0x0000000009bf0000,0x0000000009cf0000] [id=6384]

VM state:not at safepoint (normal execution)

VM Mutex/Monitor currently owned by a thread: None

Heap
 PSYoungGen      total 18944K, used 6837K [0x00000000eaa80000, 0x00000000ecf80000, 0x0000000100000000)
  eden space 16384K, 26% used [0x00000000eaa80000,0x00000000eaeafdc8,0x00000000eba80000)
  from space 2560K, 99% used [0x00000000ebd00000,0x00000000ebf7d998,0x00000000ebf80000)
  to   space 2560K, 0% used [0x00000000eba80000,0x00000000eba80000,0x00000000ebd00000)
 ParOldGen       total 42496K, used 5153K [0x00000000c0000000, 0x00000000c2980000, 0x00000000eaa80000)
  object space 42496K, 12% used [0x00000000c0000000,0x00000000c05086a0,0x00000000c2980000)
 PSPermGen       total 21504K, used 5449K [0x00000000bae00000, 0x00000000bc300000, 0x00000000c0000000)
  object space 21504K, 25% used [0x00000000bae00000,0x00000000bb352578,0x00000000bc300000)

Card table byte_map: [0x00000000055b0000,0x00000000057e0000] byte_map_base: 0x0000000004fd9000

Polling page: 0x0000000000ac0000

Code Cache  [0x00000000025b0000, 0x0000000002820000, 0x00000000055b0000)
 total_blobs=490 nmethods=276 adapters=166 free_code_cache=48055Kb largest_free_block=49170432

Compilation events (10 events):
Event: 3.676 Thread 0x000000000838e800 nmethod 276 0x000000000261ec50 code [0x000000000261eda0, 0x000000000261eed8]
Event: 3.677 Thread 0x000000000838e800  277             com.android.dx.ssa.SsaBasicBlock::forEachPhiInsn (54 bytes)
Event: 3.688 Thread 0x000000000838e800 nmethod 277 0x00000000026b8650 code [0x00000000026b87e0, 0x00000000026b8ba8]
Event: 3.689 Thread 0x000000000838e800  278             com.android.dx.ssa.SsaMethod$1::visitNonMoveInsn (26 bytes)
Event: 3.691 Thread 0x000000000838e800 nmethod 278 0x0000000002699ad0 code [0x0000000002699c20, 0x0000000002699d18]
Event: 3.691 Thread 0x000000000838e800  279             com.android.dx.cf.code.Frame::getStack (5 bytes)
Event: 3.691 Thread 0x000000000838e800 nmethod 279 0x00000000026998d0 code [0x0000000002699a00, 0x0000000002699a58]
Event: 3.693 Thread 0x000000000838e800  280             com.android.dx.util.BitIntSet::<init> (13 bytes)
Event: 3.694 Thread 0x000000000838e800 nmethod 280 0x00000000026b8310 code [0x00000000026b8460, 0x00000000026b8578]
Event: 3.695 Thread 0x000000000838e800  281             com.android.dx.ssa.back.SsaToRop::removePhiFunctions (83 bytes)

GC Heap History (4 events):
Event: 1.819 GC heap before
{Heap before GC invocations=1 (full 0):
 PSYoungGen      total 18944K, used 16384K [0x00000000eaa80000, 0x00000000ebf80000, 0x0000000100000000)
  eden space 16384K, 100% used [0x00000000eaa80000,0x00000000eba80000,0x00000000eba80000)
  from space 2560K, 0% used [0x00000000ebd00000,0x00000000ebd00000,0x00000000ebf80000)
  to   space 2560K, 0% used [0x00000000eba80000,0x00000000eba80000,0x00000000ebd00000)
 ParOldGen       total 42496K, used 0K [0x00000000c0000000, 0x00000000c2980000, 0x00000000eaa80000)
  object space 42496K, 0% used [0x00000000c0000000,0x00000000c0000000,0x00000000c2980000)
 PSPermGen       total 21504K, used 5222K [0x00000000bae00000, 0x00000000bc300000, 0x00000000c0000000)
  object space 21504K, 24% used [0x00000000bae00000,0x00000000bb319ab0,0x00000000bc300000)
Event: 1.886 GC heap after
Heap after GC invocations=1 (full 0):
 PSYoungGen      total 18944K, used 2550K [0x00000000eaa80000, 0x00000000ebf80000, 0x0000000100000000)
  eden space 16384K, 0% used [0x00000000eaa80000,0x00000000eaa80000,0x00000000eba80000)
  from space 2560K, 99% used [0x00000000eba80000,0x00000000ebcfd9d0,0x00000000ebd00000)
  to   space 2560K, 0% used [0x00000000ebd00000,0x00000000ebd00000,0x00000000ebf80000)
 ParOldGen       total 42496K, used 2099K [0x00000000c0000000, 0x00000000c2980000, 0x00000000eaa80000)
  object space 42496K, 4% used [0x00000000c0000000,0x00000000c020ce30,0x00000000c2980000)
 PSPermGen       total 21504K, used 5222K [0x00000000bae00000, 0x00000000bc300000, 0x00000000c0000000)
  object space 21504K, 24% used [0x00000000bae00000,0x00000000bb319ab0,0x00000000bc300000)
}
Event: 3.268 GC heap before
{Heap before GC invocations=2 (full 0):
 PSYoungGen      total 18944K, used 18934K [0x00000000eaa80000, 0x00000000ebf80000, 0x0000000100000000)
  eden space 16384K, 100% used [0x00000000eaa80000,0x00000000eba80000,0x00000000eba80000)
  from space 2560K, 99% used [0x00000000eba80000,0x00000000ebcfd9d0,0x00000000ebd00000)
  to   space 2560K, 0% used [0x00000000ebd00000,0x00000000ebd00000,0x00000000ebf80000)
 ParOldGen       total 42496K, used 2099K [0x00000000c0000000, 0x00000000c2980000, 0x00000000eaa80000)
  object space 42496K, 4% used [0x00000000c0000000,0x00000000c020ce30,0x00000000c2980000)
 PSPermGen       total 21504K, used 5440K [0x00000000bae00000, 0x00000000bc300000, 0x00000000c0000000)
  object space 21504K, 25% used [0x00000000bae00000,0x00000000bb350160,0x00000000bc300000)
Event: 3.498 GC heap after
Heap after GC invocations=2 (full 0):
 PSYoungGen      total 18944K, used 2550K [0x00000000eaa80000, 0x00000000ecf80000, 0x0000000100000000)
  eden space 16384K, 0% used [0x00000000eaa80000,0x00000000eaa80000,0x00000000eba80000)
  from space 2560K, 99% used [0x00000000ebd00000,0x00000000ebf7d998,0x00000000ebf80000)
  to   space 2560K, 0% used [0x00000000eba80000,0x00000000eba80000,0x00000000ebd00000)
 ParOldGen       total 42496K, used 5153K [0x00000000c0000000, 0x00000000c2980000, 0x00000000eaa80000)
  object space 42496K, 12% used [0x00000000c0000000,0x00000000c05086a0,0x00000000c2980000)
 PSPermGen       total 21504K, used 5440K [0x00000000bae00000, 0x00000000bc300000, 0x00000000c0000000)
  object space 21504K, 25% used [0x00000000bae00000,0x00000000bb350160,0x00000000bc300000)
}

Deoptimization events (10 events):
Event: 1.689 Thread 0x0000000009e20000 Uncommon trap: reason=class_check action=maybe_recompile pc=0x0000000002639320 method=com.android.dx.ssa.SsaMethod.deleteInsns(Ljava/util/Set;)V @ 54
Event: 1.748 Thread 0x00000000083fc800 Uncommon trap: reason=class_check action=maybe_recompile pc=0x0000000002639320 method=com.android.dx.ssa.SsaMethod.deleteInsns(Ljava/util/Set;)V @ 54
Event: 2.089 Thread 0x0000000009e1d800 Uncommon trap: reason=null_check action=make_not_entrant pc=0x0000000002641174 method=com.android.dx.rop.code.LocalItem.equals(Ljava/lang/Object;)Z @ 1
Event: 2.159 Thread 0x00000000024b0800 Uncommon trap: reason=null_check action=make_not_entrant pc=0x00000000026437a4 method=com.android.dx.rop.type.Type.putIntern(Lcom/android/dx/rop/type/Type;)Lcom/android/dx/rop/type/Type; @ 18
Event: 2.577 Thread 0x0000000009ddd000 Uncommon trap: reason=null_check action=make_not_entrant pc=0x000000000267723c method=com.android.dx.rop.code.RegisterSpec.equals(Ljava/lang/Object;)Z @ 1
Event: 3.243 Thread 0x0000000009e20000 Uncommon trap: reason=null_check action=make_not_entrant pc=0x00000000026a1c38 method=com.android.dx.dex.file.MethodIdsSection.intern(Lcom/android/dx/rop/cst/CstBaseMethodRef;)Lcom/android/dx/dex/file/MethodIdItem; @ 26
Event: 3.627 Thread 0x0000000009e20000 Uncommon trap: reason=class_check action=maybe_recompile pc=0x00000000026c1734 method=com.android.dx.cf.code.BytecodeArray.parseInstruction(ILcom/android/dx/cf/code/BytecodeArray$Visitor;)I @ 2002
Event: 3.628 Thread 0x0000000009e20000 Uncommon trap: reason=class_check action=maybe_recompile pc=0x00000000026c1734 method=com.android.dx.cf.code.BytecodeArray.parseInstruction(ILcom/android/dx/cf/code/BytecodeArray$Visitor;)I @ 2002
Event: 3.628 Thread 0x0000000009e20000 Uncommon trap: reason=class_check action=maybe_recompile pc=0x00000000026c1734 method=com.android.dx.cf.code.BytecodeArray.parseInstruction(ILcom/android/dx/cf/code/BytecodeArray$Visitor;)I @ 2002
Event: 3.629 Thread 0x0000000009e20000 Uncommon trap: reason=class_check action=maybe_recompile pc=0x00000000026c1734 method=com.android.dx.cf.code.BytecodeArray.parseInstruction(ILcom/android/dx/cf/code/BytecodeArray$Visitor;)I @ 2002

Internal exceptions (10 events):
Event: 1.937 Thread 0x0000000009ddd000 Threw 0x00000000eaba2ab0 at C:\re\jdk7u79\2331\hotspot\src\share\vm\prims\jvm.cpp:1304
Event: 1.963 Thread 0x00000000083fc800 Threw 0x00000000eacbdbe0 at C:\re\jdk7u79\2331\hotspot\src\share\vm\prims\jvm.cpp:1304
Event: 2.089 Thread 0x0000000009e1d800 Implicit null exception at 0x0000000002640e1b to 0x0000000002641161
Event: 2.159 Thread 0x00000000024b0800 Implicit null exception at 0x00000000026430b7 to 0x0000000002643795
Event: 2.217 Thread 0x0000000009e1d800 Threw 0x00000000eaf62c10 at C:\re\jdk7u79\2331\hotspot\src\share\vm\prims\jvm.cpp:1304
Event: 2.577 Thread 0x0000000009ddd000 Implicit null exception at 0x00000000026762e2 to 0x000000000267720d
Event: 2.932 Thread 0x0000000009e20000 Threw 0x00000000eb6f45f8 at C:\re\jdk7u79\2331\hotspot\src\share\vm\prims\jvm.cpp:1304
Event: 2.933 Thread 0x0000000009e20000 Threw 0x00000000eb6f9e78 at C:\re\jdk7u79\2331\hotspot\src\share\vm\prims\jvm.cpp:1304
Event: 2.934 Thread 0x0000000009e20000 Threw 0x00000000eb6ff3c0 at C:\re\jdk7u79\2331\hotspot\src\share\vm\prims\jvm.cpp:1304
Event: 3.243 Thread 0x0000000009e20000 Implicit null exception at 0x00000000026a12a8 to 0x00000000026a1c29

Events (10 events):
Event: 3.627 Thread 0x0000000009e20000 DEOPT UNPACKING pc=0x00000000025e75a4 sp=0x000000000a5ee820 mode 2
Event: 3.628 Thread 0x0000000009e20000 Uncommon trap: trap_request=0xffffffde fr.pc=0x00000000026c1734
Event: 3.628 Thread 0x0000000009e20000 DEOPT PACKING pc=0x00000000026c1734 sp=0x000000000a5ee880
Event: 3.628 Thread 0x0000000009e20000 DEOPT UNPACKING pc=0x00000000025e75a4 sp=0x000000000a5ee820 mode 2
Event: 3.628 Thread 0x0000000009e20000 Uncommon trap: trap_request=0xffffffde fr.pc=0x00000000026c1734
Event: 3.628 Thread 0x0000000009e20000 DEOPT PACKING pc=0x00000000026c1734 sp=0x000000000a5ee880
Event: 3.628 Thread 0x0000000009e20000 DEOPT UNPACKING pc=0x00000000025e75a4 sp=0x000000000a5ee820 mode 2
Event: 3.629 Thread 0x0000000009e20000 Uncommon trap: trap_request=0xffffffde fr.pc=0x00000000026c1734
Event: 3.629 Thread 0x0000000009e20000 DEOPT PACKING pc=0x00000000026c1734 sp=0x000000000a5ee880
Event: 3.629 Thread 0x0000000009e20000 DEOPT UNPACKING pc=0x00000000025e75a4 sp=0x000000000a5ee820 mode 2


Dynamic libraries:
0x00007ff79b4f0000 - 0x00007ff79b523000 	C:\Program Files\Java\jdk1.7.0_79\bin\java.exe
0x00007fff58670000 - 0x00007fff5881d000 	C:\Windows\SYSTEM32\ntdll.dll
0x00007fff56440000 - 0x00007fff5657e000 	C:\Windows\system32\KERNEL32.DLL
0x00007fff55870000 - 0x00007fff55985000 	C:\Windows\system32\KERNELBASE.dll
0x00007fff54370000 - 0x00007fff543fe000 	C:\Windows\system32\apphelp.dll
0x00007fff4c980000 - 0x00007fff4c9d3000 	C:\Windows\AppPatch\AppPatch64\AcGenral.DLL
0x00007fff55f20000 - 0x00007fff55fca000 	C:\Windows\system32\msvcrt.dll
0x00007fff55cd0000 - 0x00007fff55cfe000 	C:\Windows\system32\SspiCli.dll
0x00007fff563e0000 - 0x00007fff56434000 	C:\Windows\system32\SHLWAPI.dll
0x00007fff56c10000 - 0x00007fff56d87000 	C:\Windows\system32\USER32.dll
0x00007fff56230000 - 0x00007fff563c4000 	C:\Windows\system32\ole32.dll
0x00007fff56d90000 - 0x00007fff582b9000 	C:\Windows\system32\SHELL32.dll
0x00007fff54dd0000 - 0x00007fff54df1000 	C:\Windows\SYSTEM32\USERENV.dll
0x00007fff569f0000 - 0x00007fff56a9a000 	C:\Windows\system32\ADVAPI32.dll
0x00007fff44460000 - 0x00007fff4447e000 	C:\Windows\SYSTEM32\MPR.dll
0x00007fff56aa0000 - 0x00007fff56be0000 	C:\Windows\system32\RPCRT4.dll
0x00007fff55fe0000 - 0x00007fff56039000 	C:\Windows\SYSTEM32\sechost.dll
0x00007fff582c0000 - 0x00007fff584d1000 	C:\Windows\SYSTEM32\combase.dll
0x00007fff584e0000 - 0x00007fff5862f000 	C:\Windows\system32\GDI32.dll
0x00007fff557a0000 - 0x00007fff557b5000 	C:\Windows\SYSTEM32\profapi.dll
0x00007fff53bf0000 - 0x00007fff53ca2000 	C:\Windows\SYSTEM32\SHCORE.dll
0x00007fff58630000 - 0x00007fff58666000 	C:\Windows\system32\IMM32.DLL
0x00007fff55dc0000 - 0x00007fff55f12000 	C:\Windows\system32\MSCTF.dll
0x00007fff53280000 - 0x00007fff534fb000 	C:\Windows\WinSxS\amd64_microsoft.windows.common-controls_6595b64144ccf1df_6.0.9600.18006_none_623f33d3ecbe86e8\COMCTL32.dll
0x0000000058610000 - 0x00000000586e2000 	C:\Program Files\Java\jdk1.7.0_79\jre\bin\msvcr100.dll
0x0000000058aa0000 - 0x0000000059275000 	C:\Program Files\Java\jdk1.7.0_79\jre\bin\server\jvm.dll
0x00007fff4e590000 - 0x00007fff4e599000 	C:\Windows\SYSTEM32\WSOCK32.dll
0x00007fff4e630000 - 0x00007fff4e652000 	C:\Windows\SYSTEM32\WINMM.dll
0x00007fff56040000 - 0x00007fff56047000 	C:\Windows\system32\PSAPI.DLL
0x00007fff56920000 - 0x00007fff5697a000 	C:\Windows\system32\WS2_32.dll
0x00007fff4e600000 - 0x00007fff4e62a000 	C:\Windows\SYSTEM32\WINMMBASE.dll
0x00007fff563d0000 - 0x00007fff563d9000 	C:\Windows\system32\NSI.dll
0x00007fff55aa0000 - 0x00007fff55aef000 	C:\Windows\SYSTEM32\cfgmgr32.dll
0x00007fff545c0000 - 0x00007fff545e8000 	C:\Windows\SYSTEM32\DEVOBJ.dll
0x0000000058a90000 - 0x0000000058a9f000 	C:\Program Files\Java\jdk1.7.0_79\jre\bin\verify.dll
0x0000000058a60000 - 0x0000000058a88000 	C:\Program Files\Java\jdk1.7.0_79\jre\bin\java.dll
0x0000000058a40000 - 0x0000000058a55000 	C:\Program Files\Java\jdk1.7.0_79\jre\bin\zip.dll

VM Arguments:
jvm_args: -Djava.awt.headless=true -Xmx1024M -Dfile.encoding=windows-1252 -Duser.country=US -Duser.language=en -Duser.variant 
java_command: com.android.dx.command.Main --dex --num-threads=4 --output C:\Users\RVN-TECH\Downloads\the_city_mainfile\android_project\The City\app\build\intermediates\pre-dexed\debug\debug_727cdc6e70e6f7236493e16079a98e1ae93dbda8.jar C:\Users\RVN-TECH\Downloads\the_city_mainfile\android_project\The City\app\build\intermediates\classes\debug
Launcher Type: SUN_STANDARD

Environment Variables:
PATH=C:\Windows\system32;C:\Windows;C:\Windows\System32\Wbem;C:\Windows\System32\WindowsPowerShell\v1.0\;C:\Program Files\nodejs\;C:\Program Files\Git\cmd;C:\Program Files (x86)\Heroku\bin;C:\Program Files (x86)\git\cmd;C:\Program Files (x86)\Git\cmd;C:\Users\RVN-TECH\AppData\Roaming\npm;C:\Android\android-sdk\platforms;C:\Android\android-sdk\platformtools;
USERNAME=RVN-TECH
OS=Windows_NT
PROCESSOR_IDENTIFIER=Intel64 Family 6 Model 58 Stepping 9, GenuineIntel



---------------  S Y S T E M  ---------------

OS: Windows 8.1 , 64 bit Build 9600 

CPU:total 4 (2 cores per cpu, 2 threads per core) family 6 model 58 stepping 9, cmov, cx8, fxsr, mmx, sse, sse2, sse3, ssse3, sse4.1, sse4.2, popcnt, avx, erms, ht, tsc, tscinvbit, tscinv

Memory: 4k page, physical 4094312k(277460k free), swap 7240040k(5624k free)

vm_info: Java HotSpot(TM) 64-Bit Server VM (24.79-b02) for windows-amd64 JRE (1.7.0_79-b15), built on Apr 10 2015 12:36:16 by "java_re" with unknown MS VC++:1600

time: Mon Aug 15 15:44:24 2016
elapsed time: 3 seconds

